   1               		.file	"graphics.c"
   2               	__SREG__ = 0x3f
   3               	__SP_H__ = 0x3e
   4               	__SP_L__ = 0x3d
   5               	__CCP__  = 0x34
   6               	__tmp_reg__ = 0
   7               	__zero_reg__ = 1
  15               	.Ltext0:
  16               	.global	glcd_get_pixel
  18               	glcd_get_pixel:
  19               	.LFB8:
  20               	.LM1:
  21               	.LVL0:
  22               	/* prologue: function */
  23               	/* frame size = 0 */
  24 0000 482F      		mov r20,r24
  25               	.LM2:
  26 0002 8435      		cpi r24,lo8(84)
  27 0004 00F4      		brsh .L2
  28 0006 6033      		cpi r22,lo8(48)
  29 0008 00F4      		brsh .L2
  30 000a 862F      		mov r24,r22
  31               	.LVL1:
  32 000c 8695      		lsr r24
  33 000e 8695      		lsr r24
  34 0010 8695      		lsr r24
  35 0012 90E0      		ldi r25,lo8(0)
  36 0014 24E5      		ldi r18,lo8(84)
  37 0016 30E0      		ldi r19,hi8(84)
  38 0018 829F      		mul r24,r18
  39 001a F001      		movw r30,r0
  40 001c 839F      		mul r24,r19
  41 001e F00D      		add r31,r0
  42 0020 929F      		mul r25,r18
  43 0022 F00D      		add r31,r0
  44 0024 1124      		clr r1
  45 0026 E40F      		add r30,r20
  46 0028 F11D      		adc r31,__zero_reg__
  47 002a E050      		subi r30,lo8(-(glcd_buffer))
  48 002c F040      		sbci r31,hi8(-(glcd_buffer))
  49 002e 8081      		ld r24,Z
  50 0030 90E0      		ldi r25,lo8(0)
  51 0032 6770      		andi r22,lo8(7)
  52               	.LVL2:
  53 0034 00C0      		rjmp 2f
  54 0036 9595      	1:	asr r25
  55 0038 8795      		ror r24
  56 003a 6A95      	2:	dec r22
  57 003c 02F4      		brpl 1b
  58 003e 8170      		andi r24,lo8(1)
  59 0040 0895      		ret
  60               	.LVL3:
  61               	.L2:
  62 0042 80E0      		ldi r24,lo8(0)
  63               	.LVL4:
  64               	.LM3:
  65 0044 0895      		ret
  66               	.LFE8:
  68               	.global	glcd_draw_bitmap
  70               	glcd_draw_bitmap:
  71               	.LFB19:
  72               	.LM4:
  73               	.LVL5:
  74               	/* prologue: function */
  75               	/* frame size = 0 */
  76 0046 BC01      		movw r22,r24
  77               	.LM5:
  78 0048 8091 0000 		lds r24,glcd_buffer_selected
  79 004c 9091 0000 		lds r25,(glcd_buffer_selected)+1
  80               	.LVL6:
  81 0050 48EF      		ldi r20,lo8(504)
  82 0052 51E0      		ldi r21,hi8(504)
  83 0054 0E94 0000 		call memcpy_P
  84               	.LVL7:
  85               	.LM6:
  86 0058 0E94 0000 		call glcd_bbox_refresh
  87               	/* epilogue start */
  88               	.LM7:
  89 005c 0895      		ret
  90               	.LFE19:
  92               	.global	glcd_invert_pixel
  94               	glcd_invert_pixel:
  95               	.LFB9:
  96               	.LM8:
  97               	.LVL8:
  98 005e 0F93      		push r16
  99 0060 1F93      		push r17
 100               	/* prologue: function */
 101               	/* frame size = 0 */
 102 0062 082F      		mov r16,r24
 103 0064 162F      		mov r17,r22
 104               	.LM9:
 105 0066 8435      		cpi r24,lo8(84)
 106 0068 00F4      		brsh .L9
 107               	.LVL9:
 108 006a 6033      		cpi r22,lo8(48)
 109 006c 00F4      		brsh .L9
 110               	.LVL10:
 111               	.LM10:
 112 006e 402F      		mov r20,r16
 113 0070 212F      		mov r18,r17
 114 0072 0E94 0000 		call glcd_update_bbox
 115               	.LVL11:
 116               	.LM11:
 117 0076 E12F      		mov r30,r17
 118 0078 E695      		lsr r30
 119 007a E695      		lsr r30
 120 007c E695      		lsr r30
 121 007e 84E5      		ldi r24,lo8(84)
 122 0080 E89F      		mul r30,r24
 123 0082 F001      		movw r30,r0
 124 0084 1124      		clr r1
 125 0086 E00F      		add r30,r16
 126 0088 F11D      		adc r31,__zero_reg__
 127 008a E050      		subi r30,lo8(-(glcd_buffer))
 128 008c F040      		sbci r31,hi8(-(glcd_buffer))
 129 008e 1770      		andi r17,lo8(7)
 130 0090 81E0      		ldi r24,lo8(1)
 131 0092 90E0      		ldi r25,hi8(1)
 132 0094 00C0      		rjmp 2f
 133 0096 880F      	1:	lsl r24
 134 0098 991F      		rol r25
 135 009a 1A95      	2:	dec r17
 136 009c 02F4      		brpl 1b
 137 009e 2081      		ld r18,Z
 138 00a0 2827      		eor r18,r24
 139 00a2 2083      		st Z,r18
 140               	.LVL12:
 141               	.L9:
 142               	/* epilogue start */
 143               	.LM12:
 144 00a4 1F91      		pop r17
 145               	.LVL13:
 146 00a6 0F91      		pop r16
 147               	.LVL14:
 148 00a8 0895      		ret
 149               	.LFE9:
 151               	.global	glcd_invert_area
 153               	glcd_invert_area:
 154               	.LFB18:
 155               	.LM13:
 156               	.LVL15:
 157 00aa DF92      		push r13
 158 00ac EF92      		push r14
 159 00ae FF92      		push r15
 160 00b0 0F93      		push r16
 161 00b2 1F93      		push r17
 162 00b4 CF93      		push r28
 163 00b6 DF93      		push r29
 164               	/* prologue: function */
 165               	/* frame size = 0 */
 166 00b8 D62E      		mov r13,r22
 167               	.LM14:
 168 00ba 082F      		mov r16,r24
 169               	.LVL16:
 170               	.LM15:
 171 00bc E82E      		mov r14,r24
 172 00be FF24      		clr r15
 173 00c0 E40E      		add r14,r20
 174 00c2 F11C      		adc r15,__zero_reg__
 175               	.LM16:
 176 00c4 C62F      		mov r28,r22
 177 00c6 D0E0      		ldi r29,lo8(0)
 178 00c8 C20F      		add r28,r18
 179 00ca D11D      		adc r29,__zero_reg__
 180 00cc 00C0      		rjmp .L11
 181               	.LVL17:
 182               	.L12:
 183               	.LM17:
 184 00ce 802F      		mov r24,r16
 185               	.LVL18:
 186 00d0 612F      		mov r22,r17
 187 00d2 0E94 0000 		call glcd_invert_pixel
 188               	.LVL19:
 189               	.LM18:
 190 00d6 1F5F      		subi r17,lo8(-(1))
 191               	.LVL20:
 192               	.L14:
 193 00d8 812F      		mov r24,r17
 194 00da 90E0      		ldi r25,lo8(0)
 195               	.LVL21:
 196 00dc 8C17      		cp r24,r28
 197 00de 9D07      		cpc r25,r29
 198 00e0 04F0      		brlt .L12
 199               	.LVL22:
 200               	.LM19:
 201 00e2 0F5F      		subi r16,lo8(-(1))
 202               	.LVL23:
 203               	.L11:
 204 00e4 802F      		mov r24,r16
 205               	.LVL24:
 206 00e6 90E0      		ldi r25,lo8(0)
 207               	.LVL25:
 208 00e8 8E15      		cp r24,r14
 209 00ea 9F05      		cpc r25,r15
 210 00ec 04F4      		brge .L15
 211               	.LVL26:
 212 00ee 1D2D      		mov r17,r13
 213 00f0 00C0      		rjmp .L14
 214               	.L15:
 215               	/* epilogue start */
 216               	.LM20:
 217 00f2 DF91      		pop r29
 218 00f4 CF91      		pop r28
 219 00f6 1F91      		pop r17
 220               	.LVL27:
 221 00f8 0F91      		pop r16
 222 00fa FF90      		pop r15
 223 00fc EF90      		pop r14
 224 00fe DF90      		pop r13
 225               	.LVL28:
 226 0100 0895      		ret
 227               	.LFE18:
 229               	.global	glcd_set_pixel
 231               	glcd_set_pixel:
 232               	.LFB7:
 233               	.LM21:
 234               	.LVL29:
 235               	/* prologue: function */
 236               	/* frame size = 0 */
 237 0102 A82F      		mov r26,r24
 238 0104 762F      		mov r23,r22
 239               	.LM22:
 240 0106 8435      		cpi r24,lo8(84)
 241 0108 00F4      		brsh .L20
 242               	.LVL30:
 243 010a 6033      		cpi r22,lo8(48)
 244 010c 00F4      		brsh .L20
 245               	.LVL31:
 246 010e 562F      		mov r21,r22
 247 0110 5695      		lsr r21
 248 0112 5695      		lsr r21
 249 0114 5695      		lsr r21
 250 0116 90E0      		ldi r25,lo8(0)
 251               	.LVL32:
 252 0118 262F      		mov r18,r22
 253 011a 30E0      		ldi r19,lo8(0)
 254               	.LVL33:
 255               	.LM23:
 256 011c 4423      		tst r20
 257 011e 01F0      		breq .L18
 258               	.LVL34:
 259               	.LM24:
 260 0120 E4E5      		ldi r30,lo8(84)
 261 0122 5E9F      		mul r21,r30
 262 0124 F001      		movw r30,r0
 263 0126 1124      		clr r1
 264 0128 E80F      		add r30,r24
 265 012a F91F      		adc r31,r25
 266 012c E050      		subi r30,lo8(-(glcd_buffer))
 267 012e F040      		sbci r31,hi8(-(glcd_buffer))
 268 0130 2770      		andi r18,lo8(7)
 269 0132 3070      		andi r19,hi8(7)
 270               	.LVL35:
 271 0134 81E0      		ldi r24,lo8(1)
 272 0136 90E0      		ldi r25,hi8(1)
 273               	.LVL36:
 274 0138 00C0      		rjmp 2f
 275 013a 880F      	1:	lsl r24
 276 013c 991F      		rol r25
 277 013e 2A95      	2:	dec r18
 278 0140 02F4      		brpl 1b
 279 0142 2081      		ld r18,Z
 280               	.LVL37:
 281 0144 282B      		or r18,r24
 282 0146 00C0      		rjmp .L21
 283               	.LVL38:
 284               	.L18:
 285               	.LM25:
 286 0148 E4E5      		ldi r30,lo8(84)
 287 014a 5E9F      		mul r21,r30
 288 014c F001      		movw r30,r0
 289 014e 1124      		clr r1
 290 0150 E80F      		add r30,r24
 291 0152 F91F      		adc r31,r25
 292 0154 E050      		subi r30,lo8(-(glcd_buffer))
 293 0156 F040      		sbci r31,hi8(-(glcd_buffer))
 294 0158 2770      		andi r18,lo8(7)
 295 015a 3070      		andi r19,hi8(7)
 296               	.LVL39:
 297 015c 81E0      		ldi r24,lo8(1)
 298 015e 90E0      		ldi r25,hi8(1)
 299               	.LVL40:
 300 0160 00C0      		rjmp 2f
 301 0162 880F      	1:	lsl r24
 302 0164 991F      		rol r25
 303 0166 2A95      	2:	dec r18
 304 0168 02F4      		brpl 1b
 305 016a 8095      		com r24
 306 016c 2081      		ld r18,Z
 307               	.LVL41:
 308 016e 2823      		and r18,r24
 309               	.L21:
 310 0170 2083      		st Z,r18
 311               	.LM26:
 312 0172 8A2F      		mov r24,r26
 313 0174 672F      		mov r22,r23
 314               	.LVL42:
 315 0176 4A2F      		mov r20,r26
 316               	.LVL43:
 317 0178 272F      		mov r18,r23
 318 017a 0E94 0000 		call glcd_update_bbox
 319               	.LVL44:
 320               	.L20:
 321 017e 0895      		ret
 322               	.LFE7:
 324               	.global	glcd_fill_circle
 326               	glcd_fill_circle:
 327               	.LFB17:
 328               	.LM27:
 329               	.LVL45:
 330 0180 3F92      		push r3
 331 0182 4F92      		push r4
 332 0184 5F92      		push r5
 333 0186 6F92      		push r6
 334 0188 7F92      		push r7
 335 018a 8F92      		push r8
 336 018c 9F92      		push r9
 337 018e AF92      		push r10
 338 0190 BF92      		push r11
 339 0192 CF92      		push r12
 340 0194 DF92      		push r13
 341 0196 EF92      		push r14
 342 0198 FF92      		push r15
 343 019a 0F93      		push r16
 344 019c 1F93      		push r17
 345 019e DF93      		push r29
 346 01a0 CF93      		push r28
 347 01a2 00D0      		rcall .
 348 01a4 00D0      		rcall .
 349 01a6 00D0      		rcall .
 350 01a8 CDB7      		in r28,__SP_L__
 351 01aa DEB7      		in r29,__SP_H__
 352               	/* prologue: function */
 353               	/* frame size = 6 */
 354 01ac B82E      		mov r11,r24
 355 01ae E62E      		mov r14,r22
 356 01b0 F42E      		mov r15,r20
 357 01b2 622E      		mov r6,r18
 358               	.LM28:
 359 01b4 042F      		mov r16,r20
 360 01b6 10E0      		ldi r17,lo8(0)
 361               	.LM29:
 362 01b8 641B      		sub r22,r20
 363               	.LVL46:
 364 01ba 480F      		add r20,r24
 365               	.LVL47:
 366 01bc 2F2D      		mov r18,r15
 367               	.LVL48:
 368 01be 2E0D      		add r18,r14
 369 01c0 8F19      		sub r24,r15
 370               	.LVL49:
 371 01c2 0E94 0000 		call glcd_update_bbox
 372               	.LM30:
 373 01c6 8E2C      		mov r8,r14
 374 01c8 9924      		clr r9
 375 01ca 2401      		movw r4,r8
 376               	.LVL50:
 377 01cc 401A      		sub r4,r16
 378 01ce 510A      		sbc r5,r17
 379 01d0 6801      		movw r12,r16
 380 01d2 C80C      		add r12,r8
 381 01d4 D91C      		adc r13,r9
 382 01d6 00C0      		rjmp .L23
 383               	.L24:
 384               	.LM31:
 385 01d8 8B2D      		mov r24,r11
 386 01da 642D      		mov r22,r4
 387 01dc 462D      		mov r20,r6
 388 01de 0E94 0000 		call glcd_set_pixel
 389               	.LM32:
 390 01e2 0894      		sec
 391 01e4 411C      		adc r4,__zero_reg__
 392 01e6 511C      		adc r5,__zero_reg__
 393               	.L23:
 394 01e8 C414      		cp r12,r4
 395 01ea D504      		cpc r13,r5
 396 01ec 04F4      		brge .L24
 397               	.LM33:
 398 01ee DD24      		clr r13
 399 01f0 D394      		inc r13
 400               	.LVL51:
 401 01f2 DF18      		sub r13,r15
 402               	.LM34:
 403 01f4 000F      		lsl r16
 404 01f6 111F      		rol r17
 405 01f8 402E      		mov r4,r16
 406               	.LVL52:
 407 01fa 4194      		neg r4
 408               	.LM35:
 409 01fc CF2C      		mov r12,r15
 410               	.LVL53:
 411 01fe AA24      		clr r10
 412               	.LVL54:
 413 0200 00E0      		ldi r16,lo8(0)
 414 0202 10E0      		ldi r17,hi8(0)
 415 0204 83E0      		ldi r24,lo8(3)
 416 0206 782E      		mov r7,r24
 417               	.LM36:
 418 0208 8E2D      		mov r24,r14
 419 020a 90E0      		ldi r25,lo8(0)
 420 020c 9C01      		movw r18,r24
 421 020e 2150      		subi r18,lo8(-(-1))
 422 0210 3040      		sbci r19,hi8(-(-1))
 423 0212 3A83      		std Y+2,r19
 424 0214 2983      		std Y+1,r18
 425               	.LM37:
 426 0216 FC01      		movw r30,r24
 427 0218 3196      		adiw r30,1
 428 021a FC83      		std Y+4,r31
 429 021c EB83      		std Y+3,r30
 430 021e 00C0      		rjmp .L25
 431               	.LVL55:
 432               	.L31:
 433               	.LM38:
 434 0220 D7FC      		sbrc r13,7
 435 0222 00C0      		rjmp .L26
 436               	.LM39:
 437 0224 CA94      		dec r12
 438               	.LM40:
 439 0226 F2E0      		ldi r31,lo8(2)
 440 0228 4F0E      		add r4,r31
 441               	.LM41:
 442 022a D40C      		add r13,r4
 443               	.L26:
 444               	.LM42:
 445 022c A394      		inc r10
 446               	.LM43:
 447 022e 8C2D      		mov r24,r12
 448 0230 9927      		clr r25
 449 0232 87FD      		sbrc r24,7
 450 0234 9095      		com r25
 451 0236 9401      		movw r18,r8
 452 0238 281B      		sub r18,r24
 453 023a 390B      		sbc r19,r25
 454 023c 3E83      		std Y+6,r19
 455 023e 2D83      		std Y+5,r18
 456               	.LVL56:
 457 0240 7C01      		movw r14,r24
 458               	.LVL57:
 459 0242 E80C      		add r14,r8
 460 0244 F91C      		adc r15,r9
 461               	.LM44:
 462 0246 3A2C      		mov r3,r10
 463 0248 3B0C      		add r3,r11
 464               	.LM45:
 465 024a 5B2C      		mov r5,r11
 466 024c 5A18      		sub r5,r10
 467 024e 00C0      		rjmp .L27
 468               	.L28:
 469               	.LM46:
 470 0250 832D      		mov r24,r3
 471 0252 6D81      		ldd r22,Y+5
 472 0254 462D      		mov r20,r6
 473 0256 0E94 0000 		call glcd_set_pixel
 474               	.LM47:
 475 025a 852D      		mov r24,r5
 476 025c 6D81      		ldd r22,Y+5
 477 025e 462D      		mov r20,r6
 478 0260 0E94 0000 		call glcd_set_pixel
 479               	.LM48:
 480 0264 8D81      		ldd r24,Y+5
 481 0266 9E81      		ldd r25,Y+6
 482 0268 0196      		adiw r24,1
 483 026a 9E83      		std Y+6,r25
 484 026c 8D83      		std Y+5,r24
 485               	.LVL58:
 486               	.L27:
 487 026e ED81      		ldd r30,Y+5
 488 0270 FE81      		ldd r31,Y+6
 489 0272 EE16      		cp r14,r30
 490 0274 FF06      		cpc r15,r31
 491 0276 04F4      		brge .L28
 492               	.LM49:
 493 0278 2981      		ldd r18,Y+1
 494 027a 3A81      		ldd r19,Y+2
 495 027c 201B      		sub r18,r16
 496 027e 310B      		sbc r19,r17
 497 0280 3E83      		std Y+6,r19
 498 0282 2D83      		std Y+5,r18
 499               	.LVL59:
 500               	.LM50:
 501 0284 EB80      		ldd r14,Y+3
 502 0286 FC80      		ldd r15,Y+4
 503 0288 E00E      		add r14,r16
 504 028a F11E      		adc r15,r17
 505               	.LM51:
 506 028c 3C2C      		mov r3,r12
 507 028e 3B0C      		add r3,r11
 508               	.LM52:
 509 0290 5B2C      		mov r5,r11
 510 0292 5C18      		sub r5,r12
 511 0294 00C0      		rjmp .L29
 512               	.L30:
 513               	.LM53:
 514 0296 832D      		mov r24,r3
 515 0298 6D81      		ldd r22,Y+5
 516 029a 462D      		mov r20,r6
 517 029c 0E94 0000 		call glcd_set_pixel
 518               	.LM54:
 519 02a0 852D      		mov r24,r5
 520 02a2 6D81      		ldd r22,Y+5
 521 02a4 462D      		mov r20,r6
 522 02a6 0E94 0000 		call glcd_set_pixel
 523               	.LM55:
 524 02aa 8D81      		ldd r24,Y+5
 525 02ac 9E81      		ldd r25,Y+6
 526 02ae 0196      		adiw r24,1
 527 02b0 9E83      		std Y+6,r25
 528 02b2 8D83      		std Y+5,r24
 529               	.LVL60:
 530               	.L29:
 531 02b4 ED81      		ldd r30,Y+5
 532 02b6 FE81      		ldd r31,Y+6
 533 02b8 EE16      		cp r14,r30
 534 02ba FF06      		cpc r15,r31
 535 02bc 04F4      		brge .L30
 536               	.LM56:
 537 02be D70C      		add r13,r7
 538 02c0 0F5F      		subi r16,lo8(-(1))
 539 02c2 1F4F      		sbci r17,hi8(-(1))
 540 02c4 F2E0      		ldi r31,lo8(2)
 541 02c6 7F0E      		add r7,r31
 542               	.LVL61:
 543               	.L25:
 544               	.LM57:
 545 02c8 AC14      		cp r10,r12
 546 02ca 04F4      		brge .+2
 547 02cc 00C0      		rjmp .L31
 548               	/* epilogue start */
 549               	.LM58:
 550 02ce 2696      		adiw r28,6
 551 02d0 0FB6      		in __tmp_reg__,__SREG__
 552 02d2 F894      		cli
 553 02d4 DEBF      		out __SP_H__,r29
 554 02d6 0FBE      		out __SREG__,__tmp_reg__
 555 02d8 CDBF      		out __SP_L__,r28
 556 02da CF91      		pop r28
 557 02dc DF91      		pop r29
 558 02de 1F91      		pop r17
 559 02e0 0F91      		pop r16
 560 02e2 FF90      		pop r15
 561               	.LVL62:
 562 02e4 EF90      		pop r14
 563               	.LVL63:
 564 02e6 DF90      		pop r13
 565               	.LVL64:
 566 02e8 CF90      		pop r12
 567               	.LVL65:
 568 02ea BF90      		pop r11
 569               	.LVL66:
 570 02ec AF90      		pop r10
 571               	.LVL67:
 572 02ee 9F90      		pop r9
 573 02f0 8F90      		pop r8
 574 02f2 7F90      		pop r7
 575 02f4 6F90      		pop r6
 576               	.LVL68:
 577 02f6 5F90      		pop r5
 578 02f8 4F90      		pop r4
 579               	.LVL69:
 580 02fa 3F90      		pop r3
 581 02fc 0895      		ret
 582               	.LFE17:
 584               	.global	glcd_draw_circle_2
 586               	glcd_draw_circle_2:
 587               	.LFB16:
 588               	.LM59:
 589               	.LVL70:
 590 02fe 7F92      		push r7
 591 0300 8F92      		push r8
 592 0302 9F92      		push r9
 593 0304 AF92      		push r10
 594 0306 BF92      		push r11
 595 0308 CF92      		push r12
 596 030a DF92      		push r13
 597 030c EF92      		push r14
 598 030e FF92      		push r15
 599 0310 0F93      		push r16
 600 0312 1F93      		push r17
 601               	/* prologue: function */
 602               	/* frame size = 0 */
 603 0314 A82E      		mov r10,r24
 604 0316 B62E      		mov r11,r22
 605 0318 C22E      		mov r12,r18
 606               	.LM60:
 607 031a 9924      		clr r9
 608 031c 9394      		inc r9
 609               	.LVL71:
 610 031e 941A      		sub r9,r20
 611               	.LM61:
 612 0320 842F      		mov r24,r20
 613               	.LVL72:
 614 0322 90E0      		ldi r25,lo8(0)
 615               	.LVL73:
 616 0324 880F      		lsl r24
 617 0326 991F      		rol r25
 618               	.LVL74:
 619 0328 782E      		mov r7,r24
 620               	.LVL75:
 621 032a 7194      		neg r7
 622               	.LM62:
 623 032c D42E      		mov r13,r20
 624               	.LVL76:
 625               	.LM63:
 626 032e EA2C      		mov r14,r10
 627 0330 E41A      		sub r14,r20
 628 0332 062F      		mov r16,r22
 629 0334 041B      		sub r16,r20
 630 0336 F42E      		mov r15,r20
 631 0338 FA0C      		add r15,r10
 632 033a 142F      		mov r17,r20
 633 033c 160F      		add r17,r22
 634 033e 8E2D      		mov r24,r14
 635 0340 602F      		mov r22,r16
 636               	.LVL77:
 637 0342 4F2D      		mov r20,r15
 638               	.LVL78:
 639 0344 212F      		mov r18,r17
 640               	.LVL79:
 641 0346 0E94 0000 		call glcd_update_bbox
 642               	.LVL80:
 643               	.LM64:
 644 034a 8A2D      		mov r24,r10
 645 034c 612F      		mov r22,r17
 646 034e 4C2D      		mov r20,r12
 647 0350 0E94 0000 		call glcd_set_pixel
 648               	.LM65:
 649 0354 8A2D      		mov r24,r10
 650 0356 602F      		mov r22,r16
 651 0358 4C2D      		mov r20,r12
 652 035a 0E94 0000 		call glcd_set_pixel
 653               	.LM66:
 654 035e 8F2D      		mov r24,r15
 655 0360 6B2D      		mov r22,r11
 656 0362 4C2D      		mov r20,r12
 657 0364 0E94 0000 		call glcd_set_pixel
 658               	.LM67:
 659 0368 8E2D      		mov r24,r14
 660 036a 6B2D      		mov r22,r11
 661 036c 4C2D      		mov r20,r12
 662 036e 0E94 0000 		call glcd_set_pixel
 663 0372 EE24      		clr r14
 664               	.LVL81:
 665 0374 23E0      		ldi r18,lo8(3)
 666 0376 822E      		mov r8,r18
 667 0378 00C0      		rjmp .L34
 668               	.L36:
 669               	.LM68:
 670 037a 97FC      		sbrc r9,7
 671 037c 00C0      		rjmp .L35
 672               	.LM69:
 673 037e DA94      		dec r13
 674               	.LM70:
 675 0380 82E0      		ldi r24,lo8(2)
 676 0382 780E      		add r7,r24
 677               	.LM71:
 678 0384 970C      		add r9,r7
 679               	.L35:
 680               	.LM72:
 681 0386 E394      		inc r14
 682               	.LM73:
 683 0388 980C      		add r9,r8
 684               	.LM74:
 685 038a FE2C      		mov r15,r14
 686 038c FA0C      		add r15,r10
 687               	.LM75:
 688 038e 1D2D      		mov r17,r13
 689 0390 1B0D      		add r17,r11
 690 0392 8F2D      		mov r24,r15
 691 0394 612F      		mov r22,r17
 692 0396 4C2D      		mov r20,r12
 693 0398 0E94 0000 		call glcd_set_pixel
 694 039c 0A2D      		mov r16,r10
 695 039e 0E19      		sub r16,r14
 696               	.LM76:
 697 03a0 802F      		mov r24,r16
 698 03a2 612F      		mov r22,r17
 699 03a4 4C2D      		mov r20,r12
 700 03a6 0E94 0000 		call glcd_set_pixel
 701               	.LM77:
 702 03aa 1B2D      		mov r17,r11
 703 03ac 1D19      		sub r17,r13
 704 03ae 8F2D      		mov r24,r15
 705 03b0 612F      		mov r22,r17
 706 03b2 4C2D      		mov r20,r12
 707 03b4 0E94 0000 		call glcd_set_pixel
 708               	.LM78:
 709 03b8 802F      		mov r24,r16
 710 03ba 612F      		mov r22,r17
 711 03bc 4C2D      		mov r20,r12
 712 03be 0E94 0000 		call glcd_set_pixel
 713               	.LM79:
 714 03c2 FD2C      		mov r15,r13
 715 03c4 FA0C      		add r15,r10
 716 03c6 1E2D      		mov r17,r14
 717 03c8 1B0D      		add r17,r11
 718 03ca 8F2D      		mov r24,r15
 719 03cc 612F      		mov r22,r17
 720 03ce 4C2D      		mov r20,r12
 721 03d0 0E94 0000 		call glcd_set_pixel
 722               	.LM80:
 723 03d4 0A2D      		mov r16,r10
 724 03d6 0D19      		sub r16,r13
 725 03d8 802F      		mov r24,r16
 726 03da 612F      		mov r22,r17
 727 03dc 4C2D      		mov r20,r12
 728 03de 0E94 0000 		call glcd_set_pixel
 729 03e2 1B2D      		mov r17,r11
 730 03e4 1E19      		sub r17,r14
 731               	.LM81:
 732 03e6 8F2D      		mov r24,r15
 733 03e8 612F      		mov r22,r17
 734 03ea 4C2D      		mov r20,r12
 735 03ec 0E94 0000 		call glcd_set_pixel
 736               	.LM82:
 737 03f0 802F      		mov r24,r16
 738 03f2 612F      		mov r22,r17
 739 03f4 4C2D      		mov r20,r12
 740 03f6 0E94 0000 		call glcd_set_pixel
 741 03fa 82E0      		ldi r24,lo8(2)
 742 03fc 880E      		add r8,r24
 743               	.L34:
 744               	.LM83:
 745 03fe ED14      		cp r14,r13
 746 0400 04F4      		brge .+2
 747 0402 00C0      		rjmp .L36
 748               	/* epilogue start */
 749               	.LM84:
 750 0404 1F91      		pop r17
 751 0406 0F91      		pop r16
 752 0408 FF90      		pop r15
 753 040a EF90      		pop r14
 754               	.LVL82:
 755 040c DF90      		pop r13
 756               	.LVL83:
 757 040e CF90      		pop r12
 758               	.LVL84:
 759 0410 BF90      		pop r11
 760               	.LVL85:
 761 0412 AF90      		pop r10
 762               	.LVL86:
 763 0414 9F90      		pop r9
 764               	.LVL87:
 765 0416 8F90      		pop r8
 766 0418 7F90      		pop r7
 767               	.LVL88:
 768 041a 0895      		ret
 769               	.LFE16:
 771               	.global	glcd_draw_circle
 773               	glcd_draw_circle:
 774               	.LFB15:
 775               	.LM85:
 776               	.LVL89:
 777 041c 7F92      		push r7
 778 041e 8F92      		push r8
 779 0420 9F92      		push r9
 780 0422 AF92      		push r10
 781 0424 BF92      		push r11
 782 0426 CF92      		push r12
 783 0428 DF92      		push r13
 784 042a EF92      		push r14
 785 042c FF92      		push r15
 786 042e 0F93      		push r16
 787 0430 1F93      		push r17
 788               	/* prologue: function */
 789               	/* frame size = 0 */
 790 0432 A82E      		mov r10,r24
 791 0434 B62E      		mov r11,r22
 792 0436 C22E      		mov r12,r18
 793               	.LM86:
 794 0438 9924      		clr r9
 795 043a 9394      		inc r9
 796               	.LVL90:
 797 043c 941A      		sub r9,r20
 798               	.LM87:
 799 043e 842F      		mov r24,r20
 800               	.LVL91:
 801 0440 90E0      		ldi r25,lo8(0)
 802               	.LVL92:
 803 0442 880F      		lsl r24
 804 0444 991F      		rol r25
 805               	.LVL93:
 806 0446 782E      		mov r7,r24
 807               	.LVL94:
 808 0448 7194      		neg r7
 809               	.LM88:
 810 044a D42E      		mov r13,r20
 811               	.LVL95:
 812               	.LM89:
 813 044c EA2C      		mov r14,r10
 814 044e E41A      		sub r14,r20
 815 0450 062F      		mov r16,r22
 816 0452 041B      		sub r16,r20
 817 0454 F42E      		mov r15,r20
 818 0456 FA0C      		add r15,r10
 819 0458 142F      		mov r17,r20
 820 045a 160F      		add r17,r22
 821 045c 8E2D      		mov r24,r14
 822 045e 602F      		mov r22,r16
 823               	.LVL96:
 824 0460 4F2D      		mov r20,r15
 825               	.LVL97:
 826 0462 212F      		mov r18,r17
 827               	.LVL98:
 828 0464 0E94 0000 		call glcd_update_bbox
 829               	.LVL99:
 830               	.LM90:
 831 0468 8A2D      		mov r24,r10
 832 046a 612F      		mov r22,r17
 833 046c 4C2D      		mov r20,r12
 834 046e 0E94 0000 		call glcd_set_pixel
 835               	.LM91:
 836 0472 8A2D      		mov r24,r10
 837 0474 602F      		mov r22,r16
 838 0476 4C2D      		mov r20,r12
 839 0478 0E94 0000 		call glcd_set_pixel
 840               	.LM92:
 841 047c 8F2D      		mov r24,r15
 842 047e 6B2D      		mov r22,r11
 843 0480 4C2D      		mov r20,r12
 844 0482 0E94 0000 		call glcd_set_pixel
 845               	.LM93:
 846 0486 8E2D      		mov r24,r14
 847 0488 6B2D      		mov r22,r11
 848 048a 4C2D      		mov r20,r12
 849 048c 0E94 0000 		call glcd_set_pixel
 850 0490 EE24      		clr r14
 851               	.LVL100:
 852 0492 43E0      		ldi r20,lo8(3)
 853 0494 842E      		mov r8,r20
 854 0496 00C0      		rjmp .L39
 855               	.L41:
 856               	.LM94:
 857 0498 97FC      		sbrc r9,7
 858 049a 00C0      		rjmp .L40
 859               	.LM95:
 860 049c DA94      		dec r13
 861               	.LM96:
 862 049e 82E0      		ldi r24,lo8(2)
 863 04a0 780E      		add r7,r24
 864               	.LM97:
 865 04a2 970C      		add r9,r7
 866               	.L40:
 867               	.LM98:
 868 04a4 E394      		inc r14
 869               	.LM99:
 870 04a6 980C      		add r9,r8
 871               	.LM100:
 872 04a8 FE2C      		mov r15,r14
 873 04aa FA0C      		add r15,r10
 874               	.LM101:
 875 04ac 1D2D      		mov r17,r13
 876 04ae 1B0D      		add r17,r11
 877 04b0 8F2D      		mov r24,r15
 878 04b2 612F      		mov r22,r17
 879 04b4 4C2D      		mov r20,r12
 880 04b6 0E94 0000 		call glcd_set_pixel
 881 04ba 0A2D      		mov r16,r10
 882 04bc 0E19      		sub r16,r14
 883               	.LM102:
 884 04be 802F      		mov r24,r16
 885 04c0 612F      		mov r22,r17
 886 04c2 4C2D      		mov r20,r12
 887 04c4 0E94 0000 		call glcd_set_pixel
 888               	.LM103:
 889 04c8 1B2D      		mov r17,r11
 890 04ca 1D19      		sub r17,r13
 891 04cc 8F2D      		mov r24,r15
 892 04ce 612F      		mov r22,r17
 893 04d0 4C2D      		mov r20,r12
 894 04d2 0E94 0000 		call glcd_set_pixel
 895               	.LM104:
 896 04d6 802F      		mov r24,r16
 897 04d8 612F      		mov r22,r17
 898 04da 4C2D      		mov r20,r12
 899 04dc 0E94 0000 		call glcd_set_pixel
 900               	.LM105:
 901 04e0 FD2C      		mov r15,r13
 902 04e2 FA0C      		add r15,r10
 903 04e4 1E2D      		mov r17,r14
 904 04e6 1B0D      		add r17,r11
 905 04e8 8F2D      		mov r24,r15
 906 04ea 612F      		mov r22,r17
 907 04ec 4C2D      		mov r20,r12
 908 04ee 0E94 0000 		call glcd_set_pixel
 909               	.LM106:
 910 04f2 0A2D      		mov r16,r10
 911 04f4 0D19      		sub r16,r13
 912 04f6 802F      		mov r24,r16
 913 04f8 612F      		mov r22,r17
 914 04fa 4C2D      		mov r20,r12
 915 04fc 0E94 0000 		call glcd_set_pixel
 916 0500 1B2D      		mov r17,r11
 917 0502 1E19      		sub r17,r14
 918               	.LM107:
 919 0504 8F2D      		mov r24,r15
 920 0506 612F      		mov r22,r17
 921 0508 4C2D      		mov r20,r12
 922 050a 0E94 0000 		call glcd_set_pixel
 923               	.LM108:
 924 050e 802F      		mov r24,r16
 925 0510 612F      		mov r22,r17
 926 0512 4C2D      		mov r20,r12
 927 0514 0E94 0000 		call glcd_set_pixel
 928 0518 82E0      		ldi r24,lo8(2)
 929 051a 880E      		add r8,r24
 930               	.L39:
 931               	.LM109:
 932 051c ED14      		cp r14,r13
 933 051e 04F4      		brge .+2
 934 0520 00C0      		rjmp .L41
 935               	/* epilogue start */
 936               	.LM110:
 937 0522 1F91      		pop r17
 938 0524 0F91      		pop r16
 939 0526 FF90      		pop r15
 940 0528 EF90      		pop r14
 941               	.LVL101:
 942 052a DF90      		pop r13
 943               	.LVL102:
 944 052c CF90      		pop r12
 945               	.LVL103:
 946 052e BF90      		pop r11
 947               	.LVL104:
 948 0530 AF90      		pop r10
 949               	.LVL105:
 950 0532 9F90      		pop r9
 951               	.LVL106:
 952 0534 8F90      		pop r8
 953 0536 7F90      		pop r7
 954               	.LVL107:
 955 0538 0895      		ret
 956               	.LFE15:
 958               	.global	glcd_draw_rect_thick
 960               	glcd_draw_rect_thick:
 961               	.LFB13:
 962               	.LM111:
 963               	.LVL108:
 964 053a 2F92      		push r2
 965 053c 3F92      		push r3
 966 053e 4F92      		push r4
 967 0540 5F92      		push r5
 968 0542 6F92      		push r6
 969 0544 7F92      		push r7
 970 0546 8F92      		push r8
 971 0548 9F92      		push r9
 972 054a AF92      		push r10
 973 054c BF92      		push r11
 974 054e CF92      		push r12
 975               	.LVL109:
 976 0550 DF92      		push r13
 977 0552 EF92      		push r14
 978               	.LVL110:
 979 0554 FF92      		push r15
 980 0556 0F93      		push r16
 981               	.LVL111:
 982 0558 1F93      		push r17
 983 055a DF93      		push r29
 984 055c CF93      		push r28
 985 055e 00D0      		rcall .
 986 0560 0F92      		push __tmp_reg__
 987 0562 CDB7      		in r28,__SP_L__
 988 0564 DEB7      		in r29,__SP_H__
 989               	/* prologue: function */
 990               	/* frame size = 3 */
 991 0566 B82E      		mov r11,r24
 992 0568 A62E      		mov r10,r22
 993 056a 442E      		mov r4,r20
 994 056c 2983      		std Y+1,r18
 995 056e 902E      		mov r9,r16
 996               	.LVL112:
 997 0570 8E2D      		mov r24,r14
 998               	.LVL113:
 999 0572 5C2C      		mov r5,r12
 1000               	.LVL114:
 1001               	.LM112:
 1002 0574 0023      		tst r16
 1003 0576 01F4      		brne .L44
 1004               	.LVL115:
 1005 0578 9924      		clr r9
 1006 057a 9394      		inc r9
 1007               	.LVL116:
 1008               	.L44:
 1009               	.LM113:
 1010 057c 8823      		tst r24
 1011 057e 01F4      		brne .L45
 1012 0580 81E0      		ldi r24,lo8(1)
 1013               	.LVL117:
 1014               	.L45:
 1015               	.LM114:
 1016 0582 00E0      		ldi r16,lo8(0)
 1017 0584 10E0      		ldi r17,hi8(0)
 1018 0586 CB2C      		mov r12,r11
 1019 0588 DD24      		clr r13
 1020               	.LVL118:
 1021 058a 1601      		movw r2,r12
 1022 058c 240C      		add r2,r4
 1023 058e 311C      		adc r3,__zero_reg__
 1024 0590 8980      		ldd r8,Y+1
 1025 0592 8A0C      		add r8,r10
 1026               	.LM115:
 1027 0594 682E      		mov r6,r24
 1028 0596 7724      		clr r7
 1029               	.LVL119:
 1030 0598 00C0      		rjmp .L46
 1031               	.LVL120:
 1032               	.L47:
 1033               	.LM116:
 1034 059a 6A81      		ldd r22,Y+2
 1035 059c 6A0D      		add r22,r10
 1036 059e 8E2D      		mov r24,r14
 1037 05a0 452D      		mov r20,r5
 1038 05a2 0E94 0000 		call glcd_set_pixel
 1039               	.LM117:
 1040 05a6 8E2D      		mov r24,r14
 1041 05a8 6F2D      		mov r22,r15
 1042 05aa 452D      		mov r20,r5
 1043 05ac 0E94 0000 		call glcd_set_pixel
 1044               	.LM118:
 1045 05b0 8A81      		ldd r24,Y+2
 1046 05b2 9B81      		ldd r25,Y+3
 1047 05b4 0196      		adiw r24,1
 1048 05b6 9B83      		std Y+3,r25
 1049 05b8 8A83      		std Y+2,r24
 1050               	.LVL121:
 1051               	.L49:
 1052 05ba FA94      		dec r15
 1053 05bc EA81      		ldd r30,Y+2
 1054 05be FB81      		ldd r31,Y+3
 1055 05c0 E615      		cp r30,r6
 1056 05c2 F705      		cpc r31,r7
 1057 05c4 04F0      		brlt .L47
 1058 05c6 0F5F      		subi r16,lo8(-(1))
 1059 05c8 1F4F      		sbci r17,hi8(-(1))
 1060               	.LVL122:
 1061               	.L46:
 1062               	.LM119:
 1063 05ca C801      		movw r24,r16
 1064 05cc 8C0D      		add r24,r12
 1065 05ce 9D1D      		adc r25,r13
 1066 05d0 8215      		cp r24,r2
 1067 05d2 9305      		cpc r25,r3
 1068 05d4 04F4      		brge .L48
 1069               	.LVL123:
 1070 05d6 F82C      		mov r15,r8
 1071 05d8 1B82      		std Y+3,__zero_reg__
 1072 05da 1A82      		std Y+2,__zero_reg__
 1073               	.LVL124:
 1074 05dc EB2C      		mov r14,r11
 1075 05de E00E      		add r14,r16
 1076 05e0 00C0      		rjmp .L49
 1077               	.LVL125:
 1078               	.L48:
 1079               	.LM120:
 1080 05e2 00E0      		ldi r16,lo8(0)
 1081 05e4 10E0      		ldi r17,hi8(0)
 1082 05e6 CA2C      		mov r12,r10
 1083               	.LVL126:
 1084 05e8 DD24      		clr r13
 1085               	.LVL127:
 1086 05ea 3601      		movw r6,r12
 1087               	.LVL128:
 1088 05ec F981      		ldd r31,Y+1
 1089 05ee 6F0E      		add r6,r31
 1090 05f0 711C      		adc r7,__zero_reg__
 1091 05f2 342C      		mov r3,r4
 1092 05f4 3B0C      		add r3,r11
 1093               	.LM121:
 1094 05f6 892C      		mov r8,r9
 1095 05f8 9924      		clr r9
 1096               	.LVL129:
 1097 05fa 00C0      		rjmp .L50
 1098               	.LVL130:
 1099               	.L51:
 1100               	.LM122:
 1101 05fc 8A81      		ldd r24,Y+2
 1102 05fe 8B0D      		add r24,r11
 1103 0600 6F2D      		mov r22,r15
 1104 0602 452D      		mov r20,r5
 1105 0604 0E94 0000 		call glcd_set_pixel
 1106               	.LM123:
 1107 0608 8E2D      		mov r24,r14
 1108 060a 6F2D      		mov r22,r15
 1109 060c 452D      		mov r20,r5
 1110 060e 0E94 0000 		call glcd_set_pixel
 1111               	.LM124:
 1112 0612 8A81      		ldd r24,Y+2
 1113 0614 9B81      		ldd r25,Y+3
 1114 0616 0196      		adiw r24,1
 1115 0618 9B83      		std Y+3,r25
 1116 061a 8A83      		std Y+2,r24
 1117               	.LVL131:
 1118               	.L53:
 1119 061c EA94      		dec r14
 1120 061e EA81      		ldd r30,Y+2
 1121 0620 FB81      		ldd r31,Y+3
 1122 0622 E815      		cp r30,r8
 1123 0624 F905      		cpc r31,r9
 1124 0626 04F0      		brlt .L51
 1125 0628 0F5F      		subi r16,lo8(-(1))
 1126 062a 1F4F      		sbci r17,hi8(-(1))
 1127               	.LVL132:
 1128               	.L50:
 1129               	.LM125:
 1130 062c C801      		movw r24,r16
 1131 062e 8C0D      		add r24,r12
 1132 0630 9D1D      		adc r25,r13
 1133 0632 8615      		cp r24,r6
 1134 0634 9705      		cpc r25,r7
 1135 0636 04F4      		brge .L52
 1136               	.LVL133:
 1137 0638 E32C      		mov r14,r3
 1138               	.LVL134:
 1139 063a 1B82      		std Y+3,__zero_reg__
 1140 063c 1A82      		std Y+2,__zero_reg__
 1141               	.LVL135:
 1142 063e FA2C      		mov r15,r10
 1143 0640 F00E      		add r15,r16
 1144 0642 00C0      		rjmp .L53
 1145               	.LVL136:
 1146               	.L52:
 1147               	.LM126:
 1148 0644 4B2D      		mov r20,r11
 1149 0646 4150      		subi r20,lo8(-(-1))
 1150 0648 440D      		add r20,r4
 1151 064a 2A2D      		mov r18,r10
 1152 064c 2150      		subi r18,lo8(-(-1))
 1153 064e F981      		ldd r31,Y+1
 1154 0650 2F0F      		add r18,r31
 1155 0652 8B2D      		mov r24,r11
 1156 0654 6A2D      		mov r22,r10
 1157 0656 0E94 0000 		call glcd_update_bbox
 1158               	/* epilogue start */
 1159               	.LM127:
 1160 065a 0F90      		pop __tmp_reg__
 1161 065c 0F90      		pop __tmp_reg__
 1162 065e 0F90      		pop __tmp_reg__
 1163 0660 CF91      		pop r28
 1164 0662 DF91      		pop r29
 1165 0664 1F91      		pop r17
 1166 0666 0F91      		pop r16
 1167 0668 FF90      		pop r15
 1168 066a EF90      		pop r14
 1169               	.LVL137:
 1170 066c DF90      		pop r13
 1171               	.LVL138:
 1172 066e CF90      		pop r12
 1173               	.LVL139:
 1174 0670 BF90      		pop r11
 1175               	.LVL140:
 1176 0672 AF90      		pop r10
 1177               	.LVL141:
 1178 0674 9F90      		pop r9
 1179               	.LVL142:
 1180 0676 8F90      		pop r8
 1181               	.LVL143:
 1182 0678 7F90      		pop r7
 1183               	.LVL144:
 1184 067a 6F90      		pop r6
 1185 067c 5F90      		pop r5
 1186               	.LVL145:
 1187 067e 4F90      		pop r4
 1188               	.LVL146:
 1189 0680 3F90      		pop r3
 1190 0682 2F90      		pop r2
 1191 0684 0895      		ret
 1192               	.LFE13:
 1194               	.global	glcd_draw_rect
 1196               	glcd_draw_rect:
 1197               	.LFB12:
 1198               	.LM128:
 1199               	.LVL147:
 1200 0686 6F92      		push r6
 1201 0688 7F92      		push r7
 1202 068a 8F92      		push r8
 1203 068c 9F92      		push r9
 1204 068e AF92      		push r10
 1205 0690 BF92      		push r11
 1206 0692 CF92      		push r12
 1207 0694 DF92      		push r13
 1208 0696 EF92      		push r14
 1209 0698 FF92      		push r15
 1210 069a 0F93      		push r16
 1211               	.LVL148:
 1212 069c 1F93      		push r17
 1213 069e CF93      		push r28
 1214 06a0 DF93      		push r29
 1215               	/* prologue: function */
 1216               	/* frame size = 0 */
 1217 06a2 E82E      		mov r14,r24
 1218 06a4 F62E      		mov r15,r22
 1219 06a6 A42E      		mov r10,r20
 1220 06a8 722E      		mov r7,r18
 1221 06aa B02E      		mov r11,r16
 1222               	.LVL149:
 1223               	.LM129:
 1224 06ac C0E0      		ldi r28,lo8(0)
 1225 06ae D0E0      		ldi r29,hi8(0)
 1226 06b0 C82E      		mov r12,r24
 1227 06b2 DD24      		clr r13
 1228               	.LVL150:
 1229 06b4 4601      		movw r8,r12
 1230 06b6 840E      		add r8,r20
 1231 06b8 911C      		adc r9,__zero_reg__
 1232               	.LM130:
 1233 06ba FA94      		dec r15
 1234               	.LVL151:
 1235 06bc 0F2D      		mov r16,r15
 1236               	.LVL152:
 1237 06be 020F      		add r16,r18
 1238 06c0 F394      		inc r15
 1239 06c2 00C0      		rjmp .L56
 1240               	.LVL153:
 1241               	.L57:
 1242               	.LM131:
 1243 06c4 1E2D      		mov r17,r14
 1244 06c6 1C0F      		add r17,r28
 1245               	.LM132:
 1246 06c8 812F      		mov r24,r17
 1247 06ca 6F2D      		mov r22,r15
 1248 06cc 4B2D      		mov r20,r11
 1249               	.LVL154:
 1250 06ce 0E94 0000 		call glcd_set_pixel
 1251               	.LVL155:
 1252               	.LM133:
 1253 06d2 812F      		mov r24,r17
 1254 06d4 602F      		mov r22,r16
 1255 06d6 4B2D      		mov r20,r11
 1256 06d8 0E94 0000 		call glcd_set_pixel
 1257 06dc 2196      		adiw r28,1
 1258               	.LVL156:
 1259               	.L56:
 1260               	.LM134:
 1261 06de CE01      		movw r24,r28
 1262 06e0 8C0D      		add r24,r12
 1263 06e2 9D1D      		adc r25,r13
 1264 06e4 8815      		cp r24,r8
 1265 06e6 9905      		cpc r25,r9
 1266 06e8 04F0      		brlt .L57
 1267               	.LVL157:
 1268               	.LM135:
 1269 06ea C0E0      		ldi r28,lo8(0)
 1270 06ec D0E0      		ldi r29,hi8(0)
 1271 06ee CF2C      		mov r12,r15
 1272               	.LVL158:
 1273 06f0 DD24      		clr r13
 1274               	.LVL159:
 1275 06f2 4601      		movw r8,r12
 1276 06f4 870C      		add r8,r7
 1277 06f6 911C      		adc r9,__zero_reg__
 1278 06f8 0E2D      		mov r16,r14
 1279 06fa 0150      		subi r16,lo8(-(-1))
 1280               	.LM136:
 1281 06fc 602E      		mov r6,r16
 1282 06fe 6A0C      		add r6,r10
 1283 0700 00C0      		rjmp .L58
 1284               	.LVL160:
 1285               	.L59:
 1286               	.LM137:
 1287 0702 1F2D      		mov r17,r15
 1288 0704 1C0F      		add r17,r28
 1289               	.LM138:
 1290 0706 8E2D      		mov r24,r14
 1291 0708 612F      		mov r22,r17
 1292 070a 4B2D      		mov r20,r11
 1293 070c 0E94 0000 		call glcd_set_pixel
 1294               	.LM139:
 1295 0710 862D      		mov r24,r6
 1296 0712 612F      		mov r22,r17
 1297 0714 4B2D      		mov r20,r11
 1298 0716 0E94 0000 		call glcd_set_pixel
 1299 071a 2196      		adiw r28,1
 1300               	.LVL161:
 1301               	.L58:
 1302               	.LM140:
 1303 071c CE01      		movw r24,r28
 1304 071e 8C0D      		add r24,r12
 1305 0720 9D1D      		adc r25,r13
 1306 0722 8815      		cp r24,r8
 1307 0724 9905      		cpc r25,r9
 1308 0726 04F0      		brlt .L59
 1309               	.LVL162:
 1310               	.LM141:
 1311 0728 0A0D      		add r16,r10
 1312 072a 2F2D      		mov r18,r15
 1313 072c 2150      		subi r18,lo8(-(-1))
 1314 072e 270D      		add r18,r7
 1315 0730 8E2D      		mov r24,r14
 1316 0732 6F2D      		mov r22,r15
 1317 0734 402F      		mov r20,r16
 1318 0736 0E94 0000 		call glcd_update_bbox
 1319               	/* epilogue start */
 1320               	.LM142:
 1321 073a DF91      		pop r29
 1322 073c CF91      		pop r28
 1323 073e 1F91      		pop r17
 1324 0740 0F91      		pop r16
 1325 0742 FF90      		pop r15
 1326 0744 EF90      		pop r14
 1327               	.LVL163:
 1328 0746 DF90      		pop r13
 1329               	.LVL164:
 1330 0748 CF90      		pop r12
 1331               	.LVL165:
 1332 074a BF90      		pop r11
 1333               	.LVL166:
 1334 074c AF90      		pop r10
 1335               	.LVL167:
 1336 074e 9F90      		pop r9
 1337 0750 8F90      		pop r8
 1338 0752 7F90      		pop r7
 1339               	.LVL168:
 1340 0754 6F90      		pop r6
 1341 0756 0895      		ret
 1342               	.LFE12:
 1344               	.global	glcd_fill_rect
 1346               	glcd_fill_rect:
 1347               	.LFB11:
 1348               	.LM143:
 1349               	.LVL169:
 1350 0758 2F92      		push r2
 1351 075a 3F92      		push r3
 1352 075c 4F92      		push r4
 1353 075e 5F92      		push r5
 1354 0760 6F92      		push r6
 1355 0762 7F92      		push r7
 1356 0764 8F92      		push r8
 1357 0766 9F92      		push r9
 1358 0768 AF92      		push r10
 1359 076a BF92      		push r11
 1360 076c CF92      		push r12
 1361 076e DF92      		push r13
 1362 0770 EF92      		push r14
 1363 0772 FF92      		push r15
 1364 0774 0F93      		push r16
 1365               	.LVL170:
 1366 0776 1F93      		push r17
 1367 0778 CF93      		push r28
 1368 077a DF93      		push r29
 1369               	/* prologue: function */
 1370               	/* frame size = 0 */
 1371 077c D82E      		mov r13,r24
 1372 077e C62E      		mov r12,r22
 1373 0780 442E      		mov r4,r20
 1374 0782 322E      		mov r3,r18
 1375 0784 202E      		mov r2,r16
 1376               	.LVL171:
 1377               	.LM144:
 1378 0786 00E0      		ldi r16,lo8(0)
 1379 0788 10E0      		ldi r17,hi8(0)
 1380               	.LVL172:
 1381 078a A82E      		mov r10,r24
 1382 078c BB24      		clr r11
 1383               	.LVL173:
 1384 078e 3501      		movw r6,r10
 1385 0790 640E      		add r6,r20
 1386 0792 711C      		adc r7,__zero_reg__
 1387               	.LBB2:
 1388               	.LM145:
 1389 0794 E62E      		mov r14,r22
 1390               	.LVL174:
 1391 0796 FF24      		clr r15
 1392               	.LVL175:
 1393 0798 4701      		movw r8,r14
 1394 079a 820E      		add r8,r18
 1395 079c 911C      		adc r9,__zero_reg__
 1396 079e 00C0      		rjmp .L62
 1397               	.LVL176:
 1398               	.L65:
 1399 07a0 C0E0      		ldi r28,lo8(0)
 1400 07a2 D0E0      		ldi r29,hi8(0)
 1401               	.LM146:
 1402 07a4 5D2C      		mov r5,r13
 1403 07a6 500E      		add r5,r16
 1404 07a8 00C0      		rjmp .L63
 1405               	.LVL177:
 1406               	.L64:
 1407 07aa 6C2D      		mov r22,r12
 1408               	.LVL178:
 1409 07ac 6C0F      		add r22,r28
 1410 07ae 852D      		mov r24,r5
 1411 07b0 422D      		mov r20,r2
 1412               	.LVL179:
 1413 07b2 0E94 0000 		call glcd_set_pixel
 1414               	.LVL180:
 1415 07b6 2196      		adiw r28,1
 1416               	.LVL181:
 1417               	.L63:
 1418               	.LM147:
 1419 07b8 CE01      		movw r24,r28
 1420 07ba 8E0D      		add r24,r14
 1421 07bc 9F1D      		adc r25,r15
 1422 07be 8815      		cp r24,r8
 1423 07c0 9905      		cpc r25,r9
 1424 07c2 04F0      		brlt .L64
 1425               	.LVL182:
 1426 07c4 0F5F      		subi r16,lo8(-(1))
 1427 07c6 1F4F      		sbci r17,hi8(-(1))
 1428               	.LVL183:
 1429               	.L62:
 1430               	.LBE2:
 1431               	.LM148:
 1432 07c8 C801      		movw r24,r16
 1433 07ca 8A0D      		add r24,r10
 1434 07cc 9B1D      		adc r25,r11
 1435 07ce 8615      		cp r24,r6
 1436 07d0 9705      		cpc r25,r7
 1437 07d2 04F0      		brlt .L65
 1438               	.LM149:
 1439 07d4 4D2D      		mov r20,r13
 1440               	.LVL184:
 1441 07d6 4150      		subi r20,lo8(-(-1))
 1442 07d8 440D      		add r20,r4
 1443 07da 2C2D      		mov r18,r12
 1444               	.LVL185:
 1445 07dc 2150      		subi r18,lo8(-(-1))
 1446 07de 230D      		add r18,r3
 1447 07e0 8D2D      		mov r24,r13
 1448 07e2 6C2D      		mov r22,r12
 1449               	.LVL186:
 1450 07e4 0E94 0000 		call glcd_update_bbox
 1451               	/* epilogue start */
 1452               	.LM150:
 1453 07e8 DF91      		pop r29
 1454 07ea CF91      		pop r28
 1455 07ec 1F91      		pop r17
 1456 07ee 0F91      		pop r16
 1457 07f0 FF90      		pop r15
 1458               	.LVL187:
 1459 07f2 EF90      		pop r14
 1460               	.LVL188:
 1461 07f4 DF90      		pop r13
 1462 07f6 CF90      		pop r12
 1463               	.LVL189:
 1464 07f8 BF90      		pop r11
 1465               	.LVL190:
 1466 07fa AF90      		pop r10
 1467               	.LVL191:
 1468 07fc 9F90      		pop r9
 1469 07fe 8F90      		pop r8
 1470 0800 7F90      		pop r7
 1471 0802 6F90      		pop r6
 1472 0804 5F90      		pop r5
 1473 0806 4F90      		pop r4
 1474               	.LVL192:
 1475 0808 3F90      		pop r3
 1476               	.LVL193:
 1477 080a 2F90      		pop r2
 1478               	.LVL194:
 1479 080c 0895      		ret
 1480               	.LFE11:
 1482               	.global	glcd_draw_line
 1484               	glcd_draw_line:
 1485               	.LFB10:
 1486               	.LM151:
 1487               	.LVL195:
 1488 080e 9F92      		push r9
 1489 0810 AF92      		push r10
 1490 0812 BF92      		push r11
 1491 0814 CF92      		push r12
 1492 0816 DF92      		push r13
 1493 0818 EF92      		push r14
 1494 081a FF92      		push r15
 1495 081c 0F93      		push r16
 1496               	.LVL196:
 1497 081e 1F93      		push r17
 1498               	/* prologue: function */
 1499               	/* frame size = 0 */
 1500 0820 F82E      		mov r15,r24
 1501 0822 E62E      		mov r14,r22
 1502 0824 D42E      		mov r13,r20
 1503 0826 122F      		mov r17,r18
 1504 0828 902E      		mov r9,r16
 1505               	.LVL197:
 1506               	.LM152:
 1507 082a AA24      		clr r10
 1508               	.LVL198:
 1509 082c 30E0      		ldi r19,lo8(0)
 1510 082e 261B      		sub r18,r22
 1511 0830 3109      		sbc r19,__zero_reg__
 1512               	.LVL199:
 1513 0832 37FF      		sbrs r19,7
 1514 0834 00C0      		rjmp .L69
 1515               	.LVL200:
 1516 0836 3095      		com r19
 1517 0838 2195      		neg r18
 1518 083a 3F4F      		sbci r19,lo8(-1)
 1519               	.L69:
 1520 083c 8D2D      		mov r24,r13
 1521 083e 90E0      		ldi r25,lo8(0)
 1522 0840 8F19      		sub r24,r15
 1523 0842 9109      		sbc r25,__zero_reg__
 1524 0844 97FF      		sbrs r25,7
 1525 0846 00C0      		rjmp .L70
 1526 0848 9095      		com r25
 1527 084a 8195      		neg r24
 1528 084c 9F4F      		sbci r25,lo8(-1)
 1529               	.L70:
 1530 084e 8217      		cp r24,r18
 1531 0850 9307      		cpc r25,r19
 1532 0852 04F4      		brge .L71
 1533 0854 AA24      		clr r10
 1534 0856 A394      		inc r10
 1535               	.LM153:
 1536 0858 8E2D      		mov r24,r14
 1537 085a EF2C      		mov r14,r15
 1538               	.LVL201:
 1539 085c F82E      		mov r15,r24
 1540 085e 812F      		mov r24,r17
 1541 0860 1D2D      		mov r17,r13
 1542 0862 D82E      		mov r13,r24
 1543               	.LVL202:
 1544               	.L71:
 1545               	.LM154:
 1546 0864 DF14      		cp r13,r15
 1547 0866 00F4      		brsh .L72
 1548 0868 8D2D      		mov r24,r13
 1549 086a DF2C      		mov r13,r15
 1550 086c F82E      		mov r15,r24
 1551 086e 812F      		mov r24,r17
 1552 0870 1E2D      		mov r17,r14
 1553 0872 E82E      		mov r14,r24
 1554               	.LVL203:
 1555               	.L72:
 1556               	.LM155:
 1557 0874 8F2D      		mov r24,r15
 1558 0876 6E2D      		mov r22,r14
 1559 0878 4D2D      		mov r20,r13
 1560 087a 212F      		mov r18,r17
 1561 087c 0E94 0000 		call glcd_update_bbox
 1562               	.LM156:
 1563 0880 CD2C      		mov r12,r13
 1564               	.LVL204:
 1565 0882 CF18      		sub r12,r15
 1566               	.LM157:
 1567 0884 812F      		mov r24,r17
 1568 0886 90E0      		ldi r25,lo8(0)
 1569 0888 8E19      		sub r24,r14
 1570 088a 9109      		sbc r25,__zero_reg__
 1571 088c 97FF      		sbrs r25,7
 1572 088e 00C0      		rjmp .L73
 1573 0890 9095      		com r25
 1574 0892 8195      		neg r24
 1575 0894 9F4F      		sbci r25,lo8(-1)
 1576               	.L73:
 1577 0896 B82E      		mov r11,r24
 1578               	.LVL205:
 1579               	.LM158:
 1580 0898 E116      		cp r14,r17
 1581 089a 00F0      		brlo .L74
 1582 089c 0FEF      		ldi r16,lo8(-1)
 1583               	.LVL206:
 1584 089e 00C0      		rjmp .L75
 1585               	.LVL207:
 1586               	.L74:
 1587 08a0 01E0      		ldi r16,lo8(1)
 1588               	.LVL208:
 1589               	.L75:
 1590               	.LM159:
 1591 08a2 1C2D      		mov r17,r12
 1592               	.LVL209:
 1593 08a4 1695      		lsr r17
 1594 08a6 00C0      		rjmp .L76
 1595               	.L80:
 1596               	.LM160:
 1597 08a8 AA20      		tst r10
 1598 08aa 01F0      		breq .L77
 1599               	.LM161:
 1600 08ac 8E2D      		mov r24,r14
 1601 08ae 6F2D      		mov r22,r15
 1602 08b0 00C0      		rjmp .L82
 1603               	.L77:
 1604               	.LM162:
 1605 08b2 8F2D      		mov r24,r15
 1606 08b4 6E2D      		mov r22,r14
 1607               	.L82:
 1608 08b6 492D      		mov r20,r9
 1609 08b8 0E94 0000 		call glcd_set_pixel
 1610               	.LM163:
 1611 08bc 1B19      		sub r17,r11
 1612               	.LM164:
 1613 08be 17FF      		sbrs r17,7
 1614 08c0 00C0      		rjmp .L79
 1615               	.LM165:
 1616 08c2 E00E      		add r14,r16
 1617               	.LM166:
 1618 08c4 1C0D      		add r17,r12
 1619               	.L79:
 1620               	.LM167:
 1621 08c6 F394      		inc r15
 1622               	.L76:
 1623 08c8 DF14      		cp r13,r15
 1624 08ca 00F4      		brsh .L80
 1625               	/* epilogue start */
 1626               	.LM168:
 1627 08cc 1F91      		pop r17
 1628               	.LVL210:
 1629 08ce 0F91      		pop r16
 1630               	.LVL211:
 1631 08d0 FF90      		pop r15
 1632               	.LVL212:
 1633 08d2 EF90      		pop r14
 1634               	.LVL213:
 1635 08d4 DF90      		pop r13
 1636               	.LVL214:
 1637 08d6 CF90      		pop r12
 1638               	.LVL215:
 1639 08d8 BF90      		pop r11
 1640               	.LVL216:
 1641 08da AF90      		pop r10
 1642               	.LVL217:
 1643 08dc 9F90      		pop r9
 1644               	.LVL218:
 1645 08de 0895      		ret
 1646               	.LFE10:
 1648               	.global	glcd_draw_rect_shadow
 1650               	glcd_draw_rect_shadow:
 1651               	.LFB14:
 1652               	.LM169:
 1653               	.LVL219:
 1654 08e0 CF92      		push r12
 1655 08e2 DF92      		push r13
 1656 08e4 EF92      		push r14
 1657 08e6 FF92      		push r15
 1658 08e8 0F93      		push r16
 1659               	.LVL220:
 1660 08ea 1F93      		push r17
 1661               	/* prologue: function */
 1662               	/* frame size = 0 */
 1663 08ec E82E      		mov r14,r24
 1664 08ee D62E      		mov r13,r22
 1665 08f0 142F      		mov r17,r20
 1666 08f2 F22E      		mov r15,r18
 1667               	.LM170:
 1668 08f4 0E94 0000 		call glcd_draw_rect
 1669               	.LVL221:
 1670               	.LM171:
 1671 08f8 1E0D      		add r17,r14
 1672               	.LVL222:
 1673 08fa FD0C      		add r15,r13
 1674               	.LVL223:
 1675 08fc 8E2D      		mov r24,r14
 1676 08fe 8F5F      		subi r24,lo8(-(1))
 1677 0900 6F2D      		mov r22,r15
 1678 0902 412F      		mov r20,r17
 1679 0904 2F2D      		mov r18,r15
 1680 0906 0E94 0000 		call glcd_draw_line
 1681               	.LM172:
 1682 090a D394      		inc r13
 1683 090c 812F      		mov r24,r17
 1684 090e 6D2D      		mov r22,r13
 1685 0910 412F      		mov r20,r17
 1686 0912 2F2D      		mov r18,r15
 1687 0914 0E94 0000 		call glcd_draw_line
 1688               	/* epilogue start */
 1689               	.LM173:
 1690 0918 1F91      		pop r17
 1691 091a 0F91      		pop r16
 1692 091c FF90      		pop r15
 1693 091e EF90      		pop r14
 1694               	.LVL224:
 1695 0920 DF90      		pop r13
 1696               	.LVL225:
 1697 0922 CF90      		pop r12
 1698 0924 0895      		ret
 1699               	.LFE14:
 1821               	.Letext0:
DEFINED SYMBOLS
                            *ABS*:00000000 graphics.c
C:\Users\SPRA\AppData\Local\Temp/ccTwt6KS.s:2      *ABS*:0000003f __SREG__
C:\Users\SPRA\AppData\Local\Temp/ccTwt6KS.s:3      *ABS*:0000003e __SP_H__
C:\Users\SPRA\AppData\Local\Temp/ccTwt6KS.s:4      *ABS*:0000003d __SP_L__
C:\Users\SPRA\AppData\Local\Temp/ccTwt6KS.s:5      *ABS*:00000034 __CCP__
C:\Users\SPRA\AppData\Local\Temp/ccTwt6KS.s:6      *ABS*:00000000 __tmp_reg__
C:\Users\SPRA\AppData\Local\Temp/ccTwt6KS.s:7      *ABS*:00000001 __zero_reg__
C:\Users\SPRA\AppData\Local\Temp/ccTwt6KS.s:18     .text:00000000 glcd_get_pixel
C:\Users\SPRA\AppData\Local\Temp/ccTwt6KS.s:70     .text:00000046 glcd_draw_bitmap
C:\Users\SPRA\AppData\Local\Temp/ccTwt6KS.s:94     .text:0000005e glcd_invert_pixel
C:\Users\SPRA\AppData\Local\Temp/ccTwt6KS.s:153    .text:000000aa glcd_invert_area
C:\Users\SPRA\AppData\Local\Temp/ccTwt6KS.s:231    .text:00000102 glcd_set_pixel
C:\Users\SPRA\AppData\Local\Temp/ccTwt6KS.s:326    .text:00000180 glcd_fill_circle
C:\Users\SPRA\AppData\Local\Temp/ccTwt6KS.s:586    .text:000002fe glcd_draw_circle_2
C:\Users\SPRA\AppData\Local\Temp/ccTwt6KS.s:773    .text:0000041c glcd_draw_circle
C:\Users\SPRA\AppData\Local\Temp/ccTwt6KS.s:960    .text:0000053a glcd_draw_rect_thick
C:\Users\SPRA\AppData\Local\Temp/ccTwt6KS.s:1196   .text:00000686 glcd_draw_rect
C:\Users\SPRA\AppData\Local\Temp/ccTwt6KS.s:1346   .text:00000758 glcd_fill_rect
C:\Users\SPRA\AppData\Local\Temp/ccTwt6KS.s:1484   .text:0000080e glcd_draw_line
C:\Users\SPRA\AppData\Local\Temp/ccTwt6KS.s:1650   .text:000008e0 glcd_draw_rect_shadow

UNDEFINED SYMBOLS
glcd_buffer
glcd_buffer_selected
memcpy_P
glcd_bbox_refresh
glcd_update_bbox
