   1               		.file	"main.c"
   2               	__SREG__ = 0x3f
   3               	__SP_H__ = 0x3e
   4               	__SP_L__ = 0x3d
   5               	__CCP__  = 0x34
   6               	__tmp_reg__ = 0
   7               	__zero_reg__ = 1
  15               	.Ltext0:
  16               	.global	__vector_11
  18               	__vector_11:
  19               	.LFB8:
  20               	.LM1:
  21 0000 1F92      		push __zero_reg__
  22 0002 0F92      		push r0
  23 0004 0FB6      		in r0,__SREG__
  24 0006 0F92      		push r0
  25 0008 1124      		clr __zero_reg__
  26 000a 8F93      		push r24
  27 000c 9F93      		push r25
  28               	/* prologue: Signal */
  29               	/* frame size = 0 */
  30               	.LM2:
  31 000e 9091 0000 		lds r25,ms10
  32 0012 9F5F      		subi r25,lo8(-(1))
  33 0014 9093 0000 		sts ms10,r25
  34               	.LM3:
  35 0018 8091 0000 		lds r24,entprell
  36 001c 8823      		tst r24
  37 001e 01F0      		breq .L2
  38 0020 8150      		subi r24,lo8(-(-1))
  39 0022 8093 0000 		sts entprell,r24
  40               	.L2:
  41               	.LM4:
  42 0026 9A30      		cpi r25,lo8(10)
  43 0028 01F4      		brne .L3
  44               	.LM5:
  45 002a 1092 0000 		sts ms10,__zero_reg__
  46               	.LM6:
  47 002e 8091 0000 		lds r24,ms100
  48 0032 8F5F      		subi r24,lo8(-(1))
  49 0034 8093 0000 		sts ms100,r24
  50               	.L3:
  51               	.LM7:
  52 0038 8091 0000 		lds r24,ms100
  53 003c 8A30      		cpi r24,lo8(10)
  54 003e 01F4      		brne .L4
  55               	.LM8:
  56 0040 1092 0000 		sts ms100,__zero_reg__
  57               	.LM9:
  58 0044 8091 0000 		lds r24,sec
  59 0048 8F5F      		subi r24,lo8(-(1))
  60 004a 8093 0000 		sts sec,r24
  61               	.L4:
  62               	.LM10:
  63 004e 9091 0000 		lds r25,sec
  64 0052 9A30      		cpi r25,lo8(10)
  65 0054 01F4      		brne .L6
  66               	.LM11:
  67 0056 1092 0000 		sts sec,__zero_reg__
  68               	.LM12:
  69 005a 8091 0000 		lds r24,min
  70 005e 8F5F      		subi r24,lo8(-(1))
  71 0060 8093 0000 		sts min,r24
  72               	.LM13:
  73 0064 8091 0000 		lds r24,state
  74 0068 8B30      		cpi r24,lo8(11)
  75 006a 01F4      		brne .L6
  76 006c 9093 0000 		sts state,r25
  77               	.L6:
  78               	/* epilogue start */
  79               	.LM14:
  80 0070 9F91      		pop r25
  81 0072 8F91      		pop r24
  82 0074 0F90      		pop r0
  83 0076 0FBE      		out __SREG__,r0
  84 0078 0F90      		pop r0
  85 007a 1F90      		pop __zero_reg__
  86 007c 1895      		reti
  87               	.LFE8:
  89               	.global	level
  91               	level:
  92               	.LFB9:
  93               	.LM15:
  94               	/* prologue: function */
  95               	/* frame size = 0 */
  96               	.LM16:
  97 007e 8091 0000 		lds r24,score
  98 0082 65E0      		ldi r22,lo8(5)
  99 0084 0E94 0000 		call __udivmodqi4
 100 0088 282F      		mov r18,r24
 101 008a 8F5F      		subi r24,lo8(-(1))
 102 008c 8093 0000 		sts Level,r24
 103               	.LM17:
 104 0090 8530      		cpi r24,lo8(5)
 105 0092 00F4      		brsh .L8
 106 0094 8093 0000 		sts l,r24
 107 0098 8FE0      		ldi r24,lo8(15)
 108 009a 00C0      		rjmp .L11
 109               	.L8:
 110               	.LM18:
 111 009c 90E0      		ldi r25,lo8(0)
 112 009e 2450      		subi r18,lo8(-(-4))
 113 00a0 821B      		sub r24,r18
 114 00a2 9109      		sbc r25,__zero_reg__
 115 00a4 880F      		lsl r24
 116 00a6 991F      		rol r25
 117               	.L11:
 118 00a8 8093 0000 		sts laenge_rect,r24
 119 00ac 0895      		ret
 120               	.LFE9:
 122               	.global	balli
 124               	balli:
 125               	.LFB10:
 126               	.LM19:
 127 00ae 4F92      		push r4
 128 00b0 5F92      		push r5
 129 00b2 6F92      		push r6
 130 00b4 7F92      		push r7
 131 00b6 8F92      		push r8
 132 00b8 9F92      		push r9
 133 00ba AF92      		push r10
 134 00bc BF92      		push r11
 135 00be CF92      		push r12
 136 00c0 DF92      		push r13
 137 00c2 EF92      		push r14
 138 00c4 FF92      		push r15
 139 00c6 0F93      		push r16
 140 00c8 1F93      		push r17
 141 00ca CF93      		push r28
 142 00cc DF93      		push r29
 143               	/* prologue: function */
 144               	/* frame size = 0 */
 145               	.LM20:
 146 00ce 8091 0000 		lds r24,l
 147 00d2 682E      		mov r6,r24
 148 00d4 7724      		clr r7
 149               	.LM21:
 150 00d6 8091 0000 		lds r24,x2
 151 00da 882E      		mov r8,r24
 152 00dc 9924      		clr r9
 153 00de 8091 0000 		lds r24,x1
 154 00e2 A82E      		mov r10,r24
 155 00e4 BB24      		clr r11
 156               	.LM22:
 157 00e6 8091 0000 		lds r24,y2
 158 00ea C82E      		mov r12,r24
 159 00ec DD24      		clr r13
 160 00ee 8091 0000 		lds r24,y1
 161 00f2 E82E      		mov r14,r24
 162 00f4 FF24      		clr r15
 163               	.LM23:
 164 00f6 0091 0000 		lds r16,z
 165 00fa A02F      		mov r26,r16
 166 00fc B0E0      		ldi r27,lo8(0)
 167 00fe 1F96      		adiw r26,15
 168 0100 8091 0000 		lds r24,y3
 169 0104 C82F      		mov r28,r24
 170 0106 D0E0      		ldi r29,lo8(0)
 171 0108 1091 0000 		lds r17,score
 172 010c E0E0      		ldi r30,lo8(bale)
 173 010e F0E0      		ldi r31,hi8(bale)
 174 0110 60E0      		ldi r22,lo8(0)
 175 0112 70E0      		ldi r23,hi8(0)
 176 0114 00C0      		rjmp .L13
 177               	.L19:
 178               	.LM24:
 179 0116 8081      		ld r24,Z
 180 0118 482F      		mov r20,r24
 181 011a 50E0      		ldi r21,lo8(0)
 182 011c 8481      		ldd r24,Z+4
 183 011e 282F      		mov r18,r24
 184 0120 30E0      		ldi r19,lo8(0)
 185 0122 C401      		movw r24,r8
 186 0124 821B      		sub r24,r18
 187 0126 930B      		sbc r25,r19
 188 0128 4817      		cp r20,r24
 189 012a 5907      		cpc r21,r25
 190 012c 01F0      		breq .L14
 191 012e 2A0D      		add r18,r10
 192 0130 3B1D      		adc r19,r11
 193 0132 4217      		cp r20,r18
 194 0134 5307      		cpc r21,r19
 195 0136 01F4      		brne .L15
 196               	.L14:
 197 0138 8281      		ldd r24,Z+2
 198 013a 8195      		neg r24
 199 013c 8283      		std Z+2,r24
 200               	.L15:
 201               	.LM25:
 202 013e 8181      		ldd r24,Z+1
 203 0140 482F      		mov r20,r24
 204 0142 50E0      		ldi r21,lo8(0)
 205 0144 8481      		ldd r24,Z+4
 206 0146 282F      		mov r18,r24
 207 0148 30E0      		ldi r19,lo8(0)
 208 014a C601      		movw r24,r12
 209 014c 821B      		sub r24,r18
 210 014e 930B      		sbc r25,r19
 211 0150 4817      		cp r20,r24
 212 0152 5907      		cpc r21,r25
 213 0154 01F0      		breq .L16
 214 0156 2E0D      		add r18,r14
 215 0158 3F1D      		adc r19,r15
 216 015a 4217      		cp r20,r18
 217 015c 5307      		cpc r21,r19
 218 015e 01F4      		brne .L17
 219               	.L16:
 220 0160 8381      		ldd r24,Z+3
 221 0162 8195      		neg r24
 222 0164 8383      		std Z+3,r24
 223               	.L17:
 224               	.LM26:
 225 0166 9081      		ld r25,Z
 226 0168 8281      		ldd r24,Z+2
 227 016a 980F      		add r25,r24
 228 016c 9083      		st Z,r25
 229               	.LM27:
 230 016e 4381      		ldd r20,Z+3
 231 0170 2181      		ldd r18,Z+1
 232 0172 240F      		add r18,r20
 233 0174 2183      		std Z+1,r18
 234               	.LM28:
 235 0176 9017      		cp r25,r16
 236 0178 00F0      		brlo .L18
 237 017a 892F      		mov r24,r25
 238 017c 90E0      		ldi r25,lo8(0)
 239 017e A817      		cp r26,r24
 240 0180 B907      		cpc r27,r25
 241 0182 04F0      		brlt .L18
 242 0184 30E0      		ldi r19,lo8(0)
 243 0186 8481      		ldd r24,Z+4
 244 0188 2E01      		movw r4,r28
 245 018a 481A      		sub r4,r24
 246 018c 5108      		sbc r5,__zero_reg__
 247 018e 2415      		cp r18,r4
 248 0190 3505      		cpc r19,r5
 249 0192 01F4      		brne .L18
 250               	.LM29:
 251 0194 4195      		neg r20
 252 0196 4383      		std Z+3,r20
 253               	.LM30:
 254 0198 1F5F      		subi r17,lo8(-(1))
 255               	.L18:
 256 019a 6F5F      		subi r22,lo8(-(1))
 257 019c 7F4F      		sbci r23,hi8(-(1))
 258 019e 3596      		adiw r30,5
 259               	.L13:
 260               	.LM31:
 261 01a0 6615      		cp r22,r6
 262 01a2 7705      		cpc r23,r7
 263 01a4 04F4      		brge .+2
 264 01a6 00C0      		rjmp .L19
 265 01a8 1093 0000 		sts score,r17
 266 01ac 7093 0000 		sts (a)+1,r23
 267 01b0 6093 0000 		sts a,r22
 268               	/* epilogue start */
 269               	.LM32:
 270 01b4 DF91      		pop r29
 271 01b6 CF91      		pop r28
 272 01b8 1F91      		pop r17
 273 01ba 0F91      		pop r16
 274 01bc FF90      		pop r15
 275 01be EF90      		pop r14
 276 01c0 DF90      		pop r13
 277 01c2 CF90      		pop r12
 278 01c4 BF90      		pop r11
 279 01c6 AF90      		pop r10
 280 01c8 9F90      		pop r9
 281 01ca 8F90      		pop r8
 282 01cc 7F90      		pop r7
 283 01ce 6F90      		pop r6
 284 01d0 5F90      		pop r5
 285 01d2 4F90      		pop r4
 286 01d4 0895      		ret
 287               	.LFE10:
 289               	.global	schlaeger
 291               	schlaeger:
 292               	.LFB11:
 293               	.LM33:
 294               	/* prologue: function */
 295               	/* frame size = 0 */
 296               	.LM34:
 297 01d6 2091 0000 		lds r18,z
 298 01da 30E0      		ldi r19,lo8(0)
 299               	.LVL0:
 300               	.LBB14:
 301               	.LBB15:
 302               	.LBB16:
 303               	.LBB17:
 304               	.LM35:
 305 01dc 40E2      		ldi r20,lo8(20000)
 306 01de 5EE4      		ldi r21,hi8(20000)
 307               	.LVL1:
 308               	.L24:
 309               	.LBE17:
 310               	.LBE16:
 311               	.LBE15:
 312               	.LBE14:
 313               	.LM36:
 314 01e0 4D99      		sbic 41-32,5
 315 01e2 00C0      		rjmp .L22
 316 01e4 2534      		cpi r18,lo8(69)
 317 01e6 00F4      		brsh .L22
 318 01e8 2F5F      		subi r18,lo8(-(1))
 319               	.L22:
 320               	.LM37:
 321 01ea 4E99      		sbic 41-32,6
 322 01ec 00C0      		rjmp .L23
 323 01ee 2111      		cpse r18,__zero_reg__
 324 01f0 2150      		subi r18,lo8(-(-1))
 325               	.L23:
 326               	.LBB21:
 327               	.LBB20:
 328               	.LBB19:
 329               	.LBB18:
 330               	.LM38:
 331 01f2 CA01      		movw r24,r20
 332               	/* #APP */
 333               	 ;  105 "c:/winavr-20100110/lib/gcc/../../avr/include/util/delay_basic.h" 1
 334 01f4 0197      		1: sbiw r24,1
 335 01f6 01F4      		brne 1b
 336               	 ;  0 "" 2
 337               	/* #NOAPP */
 338               	.LBE18:
 339               	.LBE19:
 340               	.LBE20:
 341               	.LBE21:
 342               	.LM39:
 343 01f8 3F5F      		subi r19,lo8(-(1))
 344 01fa 3730      		cpi r19,lo8(7)
 345 01fc 01F4      		brne .L24
 346 01fe 2093 0000 		sts z,r18
 347               	/* epilogue start */
 348               	.LM40:
 349 0202 0895      		ret
 350               	.LFE11:
 352               		.data
 353               	.LC0:
 354 0000 2564 00   		.string	"%d"
 355               		.text
 356               	.global	ausgabe
 358               	ausgabe:
 359               	.LFB12:
 360               	.LM41:
 361 0204 EF92      		push r14
 362 0206 FF92      		push r15
 363 0208 0F93      		push r16
 364 020a 1F93      		push r17
 365 020c DF93      		push r29
 366 020e CF93      		push r28
 367 0210 00D0      		rcall .
 368 0212 0F92      		push __tmp_reg__
 369 0214 CDB7      		in r28,__SP_L__
 370 0216 DEB7      		in r29,__SP_H__
 371               	/* prologue: function */
 372               	/* frame size = 3 */
 373               	.LM42:
 374 0218 0E94 0000 		call glcd_clear_buffer
 375               	.LM43:
 376 021c 8091 0000 		lds r24,z
 377 0220 6DE2      		ldi r22,lo8(45)
 378 0222 4091 0000 		lds r20,laenge_rect
 379 0226 23E0      		ldi r18,lo8(3)
 380 0228 01E0      		ldi r16,lo8(1)
 381 022a 0E94 0000 		call glcd_draw_rect
 382               	.LM44:
 383 022e 00D0      		rcall .
 384 0230 00D0      		rcall .
 385 0232 00D0      		rcall .
 386 0234 EDB7      		in r30,__SP_L__
 387 0236 FEB7      		in r31,__SP_H__
 388 0238 3196      		adiw r30,1
 389 023a 8E01      		movw r16,r28
 390 023c 0F5F      		subi r16,lo8(-(1))
 391 023e 1F4F      		sbci r17,hi8(-(1))
 392 0240 ADB7      		in r26,__SP_L__
 393 0242 BEB7      		in r27,__SP_H__
 394 0244 1296      		adiw r26,1+1
 395 0246 1C93      		st X,r17
 396 0248 0E93      		st -X,r16
 397 024a 1197      		sbiw r26,1
 398 024c 50E0      		ldi r21,lo8(.LC0)
 399 024e E52E      		mov r14,r21
 400 0250 50E0      		ldi r21,hi8(.LC0)
 401 0252 F52E      		mov r15,r21
 402 0254 F382      		std Z+3,r15
 403 0256 E282      		std Z+2,r14
 404 0258 8091 0000 		lds r24,score
 405 025c 8483      		std Z+4,r24
 406 025e 1582      		std Z+5,__zero_reg__
 407 0260 0E94 0000 		call sprintf
 408               	.LM45:
 409 0264 8DB7      		in r24,__SP_L__
 410 0266 9EB7      		in r25,__SP_H__
 411 0268 0696      		adiw r24,6
 412 026a 0FB6      		in __tmp_reg__,__SREG__
 413 026c F894      		cli
 414 026e 9EBF      		out __SP_H__,r25
 415 0270 0FBE      		out __SREG__,__tmp_reg__
 416 0272 8DBF      		out __SP_L__,r24
 417 0274 84E1      		ldi r24,lo8(20)
 418 0276 60E0      		ldi r22,lo8(0)
 419 0278 A801      		movw r20,r16
 420 027a 0E94 0000 		call glcd_draw_string_xy
 421               	.LM46:
 422 027e 00D0      		rcall .
 423 0280 00D0      		rcall .
 424 0282 00D0      		rcall .
 425 0284 EDB7      		in r30,__SP_L__
 426 0286 FEB7      		in r31,__SP_H__
 427 0288 3196      		adiw r30,1
 428 028a ADB7      		in r26,__SP_L__
 429 028c BEB7      		in r27,__SP_H__
 430 028e 1296      		adiw r26,1+1
 431 0290 1C93      		st X,r17
 432 0292 0E93      		st -X,r16
 433 0294 1197      		sbiw r26,1
 434 0296 F382      		std Z+3,r15
 435 0298 E282      		std Z+2,r14
 436 029a 8091 0000 		lds r24,Level
 437 029e 8483      		std Z+4,r24
 438 02a0 1582      		std Z+5,__zero_reg__
 439 02a2 0E94 0000 		call sprintf
 440               	.LM47:
 441 02a6 8DB7      		in r24,__SP_L__
 442 02a8 9EB7      		in r25,__SP_H__
 443 02aa 0696      		adiw r24,6
 444 02ac 0FB6      		in __tmp_reg__,__SREG__
 445 02ae F894      		cli
 446 02b0 9EBF      		out __SP_H__,r25
 447 02b2 0FBE      		out __SREG__,__tmp_reg__
 448 02b4 8DBF      		out __SP_L__,r24
 449 02b6 80E0      		ldi r24,lo8(0)
 450 02b8 60E0      		ldi r22,lo8(0)
 451 02ba A801      		movw r20,r16
 452 02bc 0E94 0000 		call glcd_draw_string_xy
 453               	.LM48:
 454 02c0 00D0      		rcall .
 455 02c2 00D0      		rcall .
 456 02c4 00D0      		rcall .
 457 02c6 EDB7      		in r30,__SP_L__
 458 02c8 FEB7      		in r31,__SP_H__
 459 02ca 3196      		adiw r30,1
 460 02cc ADB7      		in r26,__SP_L__
 461 02ce BEB7      		in r27,__SP_H__
 462 02d0 1296      		adiw r26,1+1
 463 02d2 1C93      		st X,r17
 464 02d4 0E93      		st -X,r16
 465 02d6 1197      		sbiw r26,1
 466 02d8 F382      		std Z+3,r15
 467 02da E282      		std Z+2,r14
 468 02dc 8091 0000 		lds r24,laenge_rect
 469 02e0 8483      		std Z+4,r24
 470 02e2 1582      		std Z+5,__zero_reg__
 471 02e4 0E94 0000 		call sprintf
 472               	.LM49:
 473 02e8 8DB7      		in r24,__SP_L__
 474 02ea 9EB7      		in r25,__SP_H__
 475 02ec 0696      		adiw r24,6
 476 02ee 0FB6      		in __tmp_reg__,__SREG__
 477 02f0 F894      		cli
 478 02f2 9EBF      		out __SP_H__,r25
 479 02f4 0FBE      		out __SREG__,__tmp_reg__
 480 02f6 8DBF      		out __SP_L__,r24
 481 02f8 8CE3      		ldi r24,lo8(60)
 482 02fa 60E0      		ldi r22,lo8(0)
 483 02fc A801      		movw r20,r16
 484 02fe 0E94 0000 		call glcd_draw_string_xy
 485               	.LM50:
 486 0302 1092 0000 		sts (a)+1,__zero_reg__
 487 0306 1092 0000 		sts a,__zero_reg__
 488 030a 00C0      		rjmp .L28
 489               	.L29:
 490               	.LM51:
 491 030c F901      		movw r30,r18
 492 030e EE0F      		lsl r30
 493 0310 FF1F      		rol r31
 494 0312 EE0F      		lsl r30
 495 0314 FF1F      		rol r31
 496 0316 E20F      		add r30,r18
 497 0318 F31F      		adc r31,r19
 498 031a E050      		subi r30,lo8(-(bale))
 499 031c F040      		sbci r31,hi8(-(bale))
 500 031e 8081      		ld r24,Z
 501 0320 6181      		ldd r22,Z+1
 502 0322 4481      		ldd r20,Z+4
 503 0324 21E0      		ldi r18,lo8(1)
 504 0326 0E94 0000 		call glcd_draw_circle
 505               	.LM52:
 506 032a 8091 0000 		lds r24,a
 507 032e 9091 0000 		lds r25,(a)+1
 508 0332 FC01      		movw r30,r24
 509 0334 EE0F      		lsl r30
 510 0336 FF1F      		rol r31
 511 0338 EE0F      		lsl r30
 512 033a FF1F      		rol r31
 513 033c E80F      		add r30,r24
 514 033e F91F      		adc r31,r25
 515 0340 E050      		subi r30,lo8(-(bale))
 516 0342 F040      		sbci r31,hi8(-(bale))
 517 0344 8081      		ld r24,Z
 518 0346 6181      		ldd r22,Z+1
 519 0348 4481      		ldd r20,Z+4
 520 034a 21E0      		ldi r18,lo8(1)
 521 034c 0E94 0000 		call glcd_fill_circle
 522               	.LM53:
 523 0350 8091 0000 		lds r24,a
 524 0354 9091 0000 		lds r25,(a)+1
 525 0358 0196      		adiw r24,1
 526 035a 9093 0000 		sts (a)+1,r25
 527 035e 8093 0000 		sts a,r24
 528               	.L28:
 529 0362 2091 0000 		lds r18,a
 530 0366 3091 0000 		lds r19,(a)+1
 531 036a 8091 0000 		lds r24,l
 532 036e 90E0      		ldi r25,lo8(0)
 533 0370 2817      		cp r18,r24
 534 0372 3907      		cpc r19,r25
 535 0374 04F0      		brlt .L29
 536               	.LM54:
 537 0376 0E94 0000 		call glcd_write
 538               	/* epilogue start */
 539               	.LM55:
 540 037a 0F90      		pop __tmp_reg__
 541 037c 0F90      		pop __tmp_reg__
 542 037e 0F90      		pop __tmp_reg__
 543 0380 CF91      		pop r28
 544 0382 DF91      		pop r29
 545 0384 1F91      		pop r17
 546 0386 0F91      		pop r16
 547 0388 FF90      		pop r15
 548 038a EF90      		pop r14
 549 038c 0895      		ret
 550               	.LFE12:
 552               	.global	main
 554               	main:
 555               	.LFB13:
 556               	.LM56:
 557 038e FF92      		push r15
 558 0390 0F93      		push r16
 559 0392 1F93      		push r17
 560 0394 CF93      		push r28
 561 0396 DF93      		push r29
 562               	/* prologue: function */
 563               	/* frame size = 0 */
 564               	.LM57:
 565 0398 229A      		sbi 36-32,2
 566               	.LM58:
 567 039a 2A98      		cbi 37-32,2
 568               	.LM59:
 569 039c 3898      		cbi 39-32,0
 570               	.LM60:
 571 039e 409A      		sbi 40-32,0
 572               	.LM61:
 573 03a0 399A      		sbi 39-32,1
 574               	.LM62:
 575 03a2 419A      		sbi 40-32,1
 576               	.LM63:
 577 03a4 8AB1      		in r24,42-32
 578 03a6 8B79      		andi r24,lo8(-101)
 579 03a8 8AB9      		out 42-32,r24
 580               	.LM64:
 581 03aa 8BB1      		in r24,43-32
 582 03ac 8466      		ori r24,lo8(100)
 583 03ae 8BB9      		out 43-32,r24
 584               	.LM65:
 585 03b0 5498      		cbi 42-32,4
 586               	.LM66:
 587 03b2 85B5      		in r24,69-32
 588 03b4 8760      		ori r24,lo8(7)
 589 03b6 85BD      		out 69-32,r24
 590               	.LM67:
 591 03b8 88E0      		ldi r24,lo8(15624)
 592 03ba 9DE3      		ldi r25,hi8(15624)
 593 03bc 9093 8900 		sts (136)+1,r25
 594 03c0 8093 8800 		sts 136,r24
 595               	.LM68:
 596 03c4 8091 8100 		lds r24,129
 597 03c8 8860      		ori r24,lo8(8)
 598 03ca 8093 8100 		sts 129,r24
 599               	.LM69:
 600 03ce 8091 6F00 		lds r24,111
 601 03d2 8260      		ori r24,lo8(2)
 602 03d4 8093 6F00 		sts 111,r24
 603               	.LM70:
 604 03d8 8091 8100 		lds r24,129
 605 03dc 8560      		ori r24,lo8(5)
 606 03de 8093 8100 		sts 129,r24
 607               	.LM71:
 608               	/* #APP */
 609               	 ;  200 "main.c" 1
 610 03e2 7894      		sei
 611               	 ;  0 "" 2
 612               	/* #NOAPP */
 613               	.LBB22:
 614               	.LBB23:
 615               	.LM72:
 616 03e4 0E94 0000 		call glcd_init
 617               	.LBE23:
 618               	.LBE22:
 619               	.LM73:
 620 03e8 1092 0000 		sts (a)+1,__zero_reg__
 621 03ec 1092 0000 		sts a,__zero_reg__
 622               	.LM74:
 623 03f0 FF24      		clr r15
 624 03f2 FA94      		dec r15
 625 03f4 00C0      		rjmp .L32
 626               	.L33:
 627               	.LM75:
 628 03f6 0E94 0000 		call rand
 629 03fa FE01      		movw r30,r28
 630 03fc EE0F      		lsl r30
 631 03fe FF1F      		rol r31
 632 0400 EE0F      		lsl r30
 633 0402 FF1F      		rol r31
 634 0404 EC0F      		add r30,r28
 635 0406 FD1F      		adc r31,r29
 636 0408 E050      		subi r30,lo8(-(bale))
 637 040a F040      		sbci r31,hi8(-(bale))
 638 040c 6CEC      		ldi r22,lo8(3276)
 639 040e 7CE0      		ldi r23,hi8(3276)
 640 0410 0E94 0000 		call __divmodhi4
 641 0414 6483      		std Z+4,r22
 642               	.LM76:
 643 0416 0E94 0000 		call rand
 644 041a 8C01      		movw r16,r24
 645 041c 8091 0000 		lds r24,a
 646 0420 9091 0000 		lds r25,(a)+1
 647 0424 FC01      		movw r30,r24
 648 0426 EE0F      		lsl r30
 649 0428 FF1F      		rol r31
 650 042a EE0F      		lsl r30
 651 042c FF1F      		rol r31
 652 042e E80F      		add r30,r24
 653 0430 F91F      		adc r31,r25
 654 0432 E050      		subi r30,lo8(-(bale))
 655 0434 F040      		sbci r31,hi8(-(bale))
 656 0436 2481      		ldd r18,Z+4
 657 0438 822F      		mov r24,r18
 658 043a 90E0      		ldi r25,lo8(0)
 659 043c 880F      		lsl r24
 660 043e 991F      		rol r25
 661 0440 6091 0000 		lds r22,x2
 662 0444 70E0      		ldi r23,lo8(0)
 663 0446 681B      		sub r22,r24
 664 0448 790B      		sbc r23,r25
 665 044a 8FEF      		ldi r24,lo8(32767)
 666 044c 9FE7      		ldi r25,hi8(32767)
 667 044e 0E94 0000 		call __divmodhi4
 668 0452 C801      		movw r24,r16
 669 0454 0E94 0000 		call __divmodhi4
 670 0458 260F      		add r18,r22
 671 045a 2083      		st Z,r18
 672               	.LM77:
 673 045c 0E94 0000 		call rand
 674 0460 8C01      		movw r16,r24
 675 0462 2091 0000 		lds r18,a
 676 0466 3091 0000 		lds r19,(a)+1
 677 046a F901      		movw r30,r18
 678 046c EE0F      		lsl r30
 679 046e FF1F      		rol r31
 680 0470 EE0F      		lsl r30
 681 0472 FF1F      		rol r31
 682 0474 E20F      		add r30,r18
 683 0476 F31F      		adc r31,r19
 684 0478 E050      		subi r30,lo8(-(bale))
 685 047a F040      		sbci r31,hi8(-(bale))
 686 047c 4481      		ldd r20,Z+4
 687 047e 842F      		mov r24,r20
 688 0480 90E0      		ldi r25,lo8(0)
 689 0482 880F      		lsl r24
 690 0484 991F      		rol r25
 691 0486 6091 0000 		lds r22,y2
 692 048a 70E0      		ldi r23,lo8(0)
 693 048c 681B      		sub r22,r24
 694 048e 790B      		sbc r23,r25
 695 0490 8FEF      		ldi r24,lo8(32767)
 696 0492 9FE7      		ldi r25,hi8(32767)
 697 0494 0E94 0000 		call __divmodhi4
 698 0498 C801      		movw r24,r16
 699 049a 0E94 0000 		call __divmodhi4
 700 049e 460F      		add r20,r22
 701 04a0 4183      		std Z+1,r20
 702               	.LM78:
 703 04a2 F282      		std Z+2,r15
 704               	.LM79:
 705 04a4 F382      		std Z+3,r15
 706               	.LM80:
 707 04a6 2F5F      		subi r18,lo8(-(1))
 708 04a8 3F4F      		sbci r19,hi8(-(1))
 709 04aa 3093 0000 		sts (a)+1,r19
 710 04ae 2093 0000 		sts a,r18
 711               	.L32:
 712 04b2 C091 0000 		lds r28,a
 713 04b6 D091 0000 		lds r29,(a)+1
 714 04ba C430      		cpi r28,4
 715 04bc D105      		cpc r29,__zero_reg__
 716 04be 04F4      		brge .+2
 717 04c0 00C0      		rjmp .L33
 718               	.LM81:
 719 04c2 80E0      		ldi r24,lo8(Font5x7)
 720 04c4 90E0      		ldi r25,hi8(Font5x7)
 721 04c6 65E0      		ldi r22,lo8(5)
 722 04c8 47E0      		ldi r20,lo8(7)
 723 04ca 20E2      		ldi r18,lo8(32)
 724 04cc 0FE7      		ldi r16,lo8(127)
 725 04ce 0E94 0000 		call glcd_tiny_set_font
 726               	.LM82:
 727 04d2 0FEF      		ldi r16,lo8(-1)
 728               	.L34:
 729 04d4 05B9      		out 37-32,r16
 730               	.LM83:
 731 04d6 0E94 0000 		call level
 732               	.LM84:
 733 04da 0E94 0000 		call balli
 734               	.LM85:
 735 04de 0E94 0000 		call schlaeger
 736               	.LM86:
 737 04e2 0E94 0000 		call ausgabe
 738 04e6 00C0      		rjmp .L34
 739               	.LFE13:
 741               	.global	b
 742               	.global	b
 743               		.section .bss
 746               	b:
 747 0000 00        		.skip 1,0
 748               	.global	z
 749               	.global	z
 752               	z:
 753 0001 00        		.skip 1,0
 754               	.global	score
 755               	.global	score
 758               	score:
 759 0002 00        		.skip 1,0
 760               	.global	x1
 761               	.global	x1
 764               	x1:
 765 0003 00        		.skip 1,0
 766               	.global	x2
 767               		.data
 770               	x2:
 771 0003 53        		.byte	83
 772               	.global	y1
 773               	.global	y1
 774               		.section .bss
 777               	y1:
 778 0004 00        		.skip 1,0
 779               	.global	y2
 780               		.data
 783               	y2:
 784 0004 2F        		.byte	47
 785               	.global	y3
 788               	y3:
 789 0005 2D        		.byte	45
 790               		.section	.progmem.data,"a",@progbits
 793               	Font5x7:
 794 0000 00        		.byte	0
 795 0001 00        		.byte	0
 796 0002 00        		.byte	0
 797 0003 00        		.byte	0
 798 0004 00        		.byte	0
 799 0005 00        		.byte	0
 800 0006 00        		.byte	0
 801 0007 5F        		.byte	95
 802 0008 00        		.byte	0
 803 0009 00        		.byte	0
 804 000a 00        		.byte	0
 805 000b 07        		.byte	7
 806 000c 00        		.byte	0
 807 000d 07        		.byte	7
 808 000e 00        		.byte	0
 809 000f 14        		.byte	20
 810 0010 7F        		.byte	127
 811 0011 14        		.byte	20
 812 0012 7F        		.byte	127
 813 0013 14        		.byte	20
 814 0014 24        		.byte	36
 815 0015 2A        		.byte	42
 816 0016 7F        		.byte	127
 817 0017 2A        		.byte	42
 818 0018 12        		.byte	18
 819 0019 23        		.byte	35
 820 001a 13        		.byte	19
 821 001b 08        		.byte	8
 822 001c 64        		.byte	100
 823 001d 62        		.byte	98
 824 001e 36        		.byte	54
 825 001f 49        		.byte	73
 826 0020 55        		.byte	85
 827 0021 22        		.byte	34
 828 0022 50        		.byte	80
 829 0023 00        		.byte	0
 830 0024 05        		.byte	5
 831 0025 03        		.byte	3
 832 0026 00        		.byte	0
 833 0027 00        		.byte	0
 834 0028 00        		.byte	0
 835 0029 1C        		.byte	28
 836 002a 22        		.byte	34
 837 002b 41        		.byte	65
 838 002c 00        		.byte	0
 839 002d 00        		.byte	0
 840 002e 41        		.byte	65
 841 002f 22        		.byte	34
 842 0030 1C        		.byte	28
 843 0031 00        		.byte	0
 844 0032 08        		.byte	8
 845 0033 2A        		.byte	42
 846 0034 1C        		.byte	28
 847 0035 2A        		.byte	42
 848 0036 08        		.byte	8
 849 0037 08        		.byte	8
 850 0038 08        		.byte	8
 851 0039 3E        		.byte	62
 852 003a 08        		.byte	8
 853 003b 08        		.byte	8
 854 003c 00        		.byte	0
 855 003d 50        		.byte	80
 856 003e 30        		.byte	48
 857 003f 00        		.byte	0
 858 0040 00        		.byte	0
 859 0041 08        		.byte	8
 860 0042 08        		.byte	8
 861 0043 08        		.byte	8
 862 0044 08        		.byte	8
 863 0045 08        		.byte	8
 864 0046 00        		.byte	0
 865 0047 60        		.byte	96
 866 0048 60        		.byte	96
 867 0049 00        		.byte	0
 868 004a 00        		.byte	0
 869 004b 20        		.byte	32
 870 004c 10        		.byte	16
 871 004d 08        		.byte	8
 872 004e 04        		.byte	4
 873 004f 02        		.byte	2
 874 0050 3E        		.byte	62
 875 0051 51        		.byte	81
 876 0052 49        		.byte	73
 877 0053 45        		.byte	69
 878 0054 3E        		.byte	62
 879 0055 00        		.byte	0
 880 0056 42        		.byte	66
 881 0057 7F        		.byte	127
 882 0058 40        		.byte	64
 883 0059 00        		.byte	0
 884 005a 42        		.byte	66
 885 005b 61        		.byte	97
 886 005c 51        		.byte	81
 887 005d 49        		.byte	73
 888 005e 46        		.byte	70
 889 005f 21        		.byte	33
 890 0060 41        		.byte	65
 891 0061 45        		.byte	69
 892 0062 4B        		.byte	75
 893 0063 31        		.byte	49
 894 0064 18        		.byte	24
 895 0065 14        		.byte	20
 896 0066 12        		.byte	18
 897 0067 7F        		.byte	127
 898 0068 10        		.byte	16
 899 0069 27        		.byte	39
 900 006a 45        		.byte	69
 901 006b 45        		.byte	69
 902 006c 45        		.byte	69
 903 006d 39        		.byte	57
 904 006e 3C        		.byte	60
 905 006f 4A        		.byte	74
 906 0070 49        		.byte	73
 907 0071 49        		.byte	73
 908 0072 30        		.byte	48
 909 0073 01        		.byte	1
 910 0074 71        		.byte	113
 911 0075 09        		.byte	9
 912 0076 05        		.byte	5
 913 0077 03        		.byte	3
 914 0078 36        		.byte	54
 915 0079 49        		.byte	73
 916 007a 49        		.byte	73
 917 007b 49        		.byte	73
 918 007c 36        		.byte	54
 919 007d 06        		.byte	6
 920 007e 49        		.byte	73
 921 007f 49        		.byte	73
 922 0080 29        		.byte	41
 923 0081 1E        		.byte	30
 924 0082 00        		.byte	0
 925 0083 36        		.byte	54
 926 0084 36        		.byte	54
 927 0085 00        		.byte	0
 928 0086 00        		.byte	0
 929 0087 00        		.byte	0
 930 0088 56        		.byte	86
 931 0089 36        		.byte	54
 932 008a 00        		.byte	0
 933 008b 00        		.byte	0
 934 008c 00        		.byte	0
 935 008d 08        		.byte	8
 936 008e 14        		.byte	20
 937 008f 22        		.byte	34
 938 0090 41        		.byte	65
 939 0091 14        		.byte	20
 940 0092 14        		.byte	20
 941 0093 14        		.byte	20
 942 0094 14        		.byte	20
 943 0095 14        		.byte	20
 944 0096 41        		.byte	65
 945 0097 22        		.byte	34
 946 0098 14        		.byte	20
 947 0099 08        		.byte	8
 948 009a 00        		.byte	0
 949 009b 02        		.byte	2
 950 009c 01        		.byte	1
 951 009d 51        		.byte	81
 952 009e 09        		.byte	9
 953 009f 06        		.byte	6
 954 00a0 32        		.byte	50
 955 00a1 49        		.byte	73
 956 00a2 79        		.byte	121
 957 00a3 41        		.byte	65
 958 00a4 3E        		.byte	62
 959 00a5 7E        		.byte	126
 960 00a6 11        		.byte	17
 961 00a7 11        		.byte	17
 962 00a8 11        		.byte	17
 963 00a9 7E        		.byte	126
 964 00aa 7F        		.byte	127
 965 00ab 49        		.byte	73
 966 00ac 49        		.byte	73
 967 00ad 49        		.byte	73
 968 00ae 36        		.byte	54
 969 00af 3E        		.byte	62
 970 00b0 41        		.byte	65
 971 00b1 41        		.byte	65
 972 00b2 41        		.byte	65
 973 00b3 22        		.byte	34
 974 00b4 7F        		.byte	127
 975 00b5 41        		.byte	65
 976 00b6 41        		.byte	65
 977 00b7 22        		.byte	34
 978 00b8 1C        		.byte	28
 979 00b9 7F        		.byte	127
 980 00ba 49        		.byte	73
 981 00bb 49        		.byte	73
 982 00bc 49        		.byte	73
 983 00bd 41        		.byte	65
 984 00be 7F        		.byte	127
 985 00bf 09        		.byte	9
 986 00c0 09        		.byte	9
 987 00c1 01        		.byte	1
 988 00c2 01        		.byte	1
 989 00c3 3E        		.byte	62
 990 00c4 41        		.byte	65
 991 00c5 41        		.byte	65
 992 00c6 51        		.byte	81
 993 00c7 32        		.byte	50
 994 00c8 7F        		.byte	127
 995 00c9 08        		.byte	8
 996 00ca 08        		.byte	8
 997 00cb 08        		.byte	8
 998 00cc 7F        		.byte	127
 999 00cd 00        		.byte	0
 1000 00ce 41        		.byte	65
 1001 00cf 7F        		.byte	127
 1002 00d0 41        		.byte	65
 1003 00d1 00        		.byte	0
 1004 00d2 20        		.byte	32
 1005 00d3 40        		.byte	64
 1006 00d4 41        		.byte	65
 1007 00d5 3F        		.byte	63
 1008 00d6 01        		.byte	1
 1009 00d7 7F        		.byte	127
 1010 00d8 08        		.byte	8
 1011 00d9 14        		.byte	20
 1012 00da 22        		.byte	34
 1013 00db 41        		.byte	65
 1014 00dc 7F        		.byte	127
 1015 00dd 40        		.byte	64
 1016 00de 40        		.byte	64
 1017 00df 40        		.byte	64
 1018 00e0 40        		.byte	64
 1019 00e1 7F        		.byte	127
 1020 00e2 02        		.byte	2
 1021 00e3 04        		.byte	4
 1022 00e4 02        		.byte	2
 1023 00e5 7F        		.byte	127
 1024 00e6 7F        		.byte	127
 1025 00e7 04        		.byte	4
 1026 00e8 08        		.byte	8
 1027 00e9 10        		.byte	16
 1028 00ea 7F        		.byte	127
 1029 00eb 3E        		.byte	62
 1030 00ec 41        		.byte	65
 1031 00ed 41        		.byte	65
 1032 00ee 41        		.byte	65
 1033 00ef 3E        		.byte	62
 1034 00f0 7F        		.byte	127
 1035 00f1 09        		.byte	9
 1036 00f2 09        		.byte	9
 1037 00f3 09        		.byte	9
 1038 00f4 06        		.byte	6
 1039 00f5 3E        		.byte	62
 1040 00f6 41        		.byte	65
 1041 00f7 51        		.byte	81
 1042 00f8 21        		.byte	33
 1043 00f9 5E        		.byte	94
 1044 00fa 7F        		.byte	127
 1045 00fb 09        		.byte	9
 1046 00fc 19        		.byte	25
 1047 00fd 29        		.byte	41
 1048 00fe 46        		.byte	70
 1049 00ff 46        		.byte	70
 1050 0100 49        		.byte	73
 1051 0101 49        		.byte	73
 1052 0102 49        		.byte	73
 1053 0103 31        		.byte	49
 1054 0104 01        		.byte	1
 1055 0105 01        		.byte	1
 1056 0106 7F        		.byte	127
 1057 0107 01        		.byte	1
 1058 0108 01        		.byte	1
 1059 0109 3F        		.byte	63
 1060 010a 40        		.byte	64
 1061 010b 40        		.byte	64
 1062 010c 40        		.byte	64
 1063 010d 3F        		.byte	63
 1064 010e 1F        		.byte	31
 1065 010f 20        		.byte	32
 1066 0110 40        		.byte	64
 1067 0111 20        		.byte	32
 1068 0112 1F        		.byte	31
 1069 0113 7F        		.byte	127
 1070 0114 20        		.byte	32
 1071 0115 18        		.byte	24
 1072 0116 20        		.byte	32
 1073 0117 7F        		.byte	127
 1074 0118 63        		.byte	99
 1075 0119 14        		.byte	20
 1076 011a 08        		.byte	8
 1077 011b 14        		.byte	20
 1078 011c 63        		.byte	99
 1079 011d 03        		.byte	3
 1080 011e 04        		.byte	4
 1081 011f 78        		.byte	120
 1082 0120 04        		.byte	4
 1083 0121 03        		.byte	3
 1084 0122 61        		.byte	97
 1085 0123 51        		.byte	81
 1086 0124 49        		.byte	73
 1087 0125 45        		.byte	69
 1088 0126 43        		.byte	67
 1089 0127 00        		.byte	0
 1090 0128 00        		.byte	0
 1091 0129 7F        		.byte	127
 1092 012a 41        		.byte	65
 1093 012b 41        		.byte	65
 1094 012c 02        		.byte	2
 1095 012d 04        		.byte	4
 1096 012e 08        		.byte	8
 1097 012f 10        		.byte	16
 1098 0130 20        		.byte	32
 1099 0131 41        		.byte	65
 1100 0132 41        		.byte	65
 1101 0133 7F        		.byte	127
 1102 0134 00        		.byte	0
 1103 0135 00        		.byte	0
 1104 0136 04        		.byte	4
 1105 0137 02        		.byte	2
 1106 0138 01        		.byte	1
 1107 0139 02        		.byte	2
 1108 013a 04        		.byte	4
 1109 013b 40        		.byte	64
 1110 013c 40        		.byte	64
 1111 013d 40        		.byte	64
 1112 013e 40        		.byte	64
 1113 013f 40        		.byte	64
 1114 0140 00        		.byte	0
 1115 0141 01        		.byte	1
 1116 0142 02        		.byte	2
 1117 0143 04        		.byte	4
 1118 0144 00        		.byte	0
 1119 0145 20        		.byte	32
 1120 0146 54        		.byte	84
 1121 0147 54        		.byte	84
 1122 0148 54        		.byte	84
 1123 0149 78        		.byte	120
 1124 014a 7F        		.byte	127
 1125 014b 48        		.byte	72
 1126 014c 44        		.byte	68
 1127 014d 44        		.byte	68
 1128 014e 38        		.byte	56
 1129 014f 38        		.byte	56
 1130 0150 44        		.byte	68
 1131 0151 44        		.byte	68
 1132 0152 44        		.byte	68
 1133 0153 20        		.byte	32
 1134 0154 38        		.byte	56
 1135 0155 44        		.byte	68
 1136 0156 44        		.byte	68
 1137 0157 48        		.byte	72
 1138 0158 7F        		.byte	127
 1139 0159 38        		.byte	56
 1140 015a 54        		.byte	84
 1141 015b 54        		.byte	84
 1142 015c 54        		.byte	84
 1143 015d 18        		.byte	24
 1144 015e 08        		.byte	8
 1145 015f 7E        		.byte	126
 1146 0160 09        		.byte	9
 1147 0161 01        		.byte	1
 1148 0162 02        		.byte	2
 1149 0163 08        		.byte	8
 1150 0164 14        		.byte	20
 1151 0165 54        		.byte	84
 1152 0166 54        		.byte	84
 1153 0167 3C        		.byte	60
 1154 0168 7F        		.byte	127
 1155 0169 08        		.byte	8
 1156 016a 04        		.byte	4
 1157 016b 04        		.byte	4
 1158 016c 78        		.byte	120
 1159 016d 00        		.byte	0
 1160 016e 44        		.byte	68
 1161 016f 7D        		.byte	125
 1162 0170 40        		.byte	64
 1163 0171 00        		.byte	0
 1164 0172 20        		.byte	32
 1165 0173 40        		.byte	64
 1166 0174 44        		.byte	68
 1167 0175 3D        		.byte	61
 1168 0176 00        		.byte	0
 1169 0177 00        		.byte	0
 1170 0178 7F        		.byte	127
 1171 0179 10        		.byte	16
 1172 017a 28        		.byte	40
 1173 017b 44        		.byte	68
 1174 017c 00        		.byte	0
 1175 017d 41        		.byte	65
 1176 017e 7F        		.byte	127
 1177 017f 40        		.byte	64
 1178 0180 00        		.byte	0
 1179 0181 7C        		.byte	124
 1180 0182 04        		.byte	4
 1181 0183 18        		.byte	24
 1182 0184 04        		.byte	4
 1183 0185 78        		.byte	120
 1184 0186 7C        		.byte	124
 1185 0187 08        		.byte	8
 1186 0188 04        		.byte	4
 1187 0189 04        		.byte	4
 1188 018a 78        		.byte	120
 1189 018b 38        		.byte	56
 1190 018c 44        		.byte	68
 1191 018d 44        		.byte	68
 1192 018e 44        		.byte	68
 1193 018f 38        		.byte	56
 1194 0190 7C        		.byte	124
 1195 0191 14        		.byte	20
 1196 0192 14        		.byte	20
 1197 0193 14        		.byte	20
 1198 0194 08        		.byte	8
 1199 0195 08        		.byte	8
 1200 0196 14        		.byte	20
 1201 0197 14        		.byte	20
 1202 0198 18        		.byte	24
 1203 0199 7C        		.byte	124
 1204 019a 7C        		.byte	124
 1205 019b 08        		.byte	8
 1206 019c 04        		.byte	4
 1207 019d 04        		.byte	4
 1208 019e 08        		.byte	8
 1209 019f 48        		.byte	72
 1210 01a0 54        		.byte	84
 1211 01a1 54        		.byte	84
 1212 01a2 54        		.byte	84
 1213 01a3 20        		.byte	32
 1214 01a4 04        		.byte	4
 1215 01a5 3F        		.byte	63
 1216 01a6 44        		.byte	68
 1217 01a7 40        		.byte	64
 1218 01a8 20        		.byte	32
 1219 01a9 3C        		.byte	60
 1220 01aa 40        		.byte	64
 1221 01ab 40        		.byte	64
 1222 01ac 20        		.byte	32
 1223 01ad 7C        		.byte	124
 1224 01ae 1C        		.byte	28
 1225 01af 20        		.byte	32
 1226 01b0 40        		.byte	64
 1227 01b1 20        		.byte	32
 1228 01b2 1C        		.byte	28
 1229 01b3 3C        		.byte	60
 1230 01b4 40        		.byte	64
 1231 01b5 30        		.byte	48
 1232 01b6 40        		.byte	64
 1233 01b7 3C        		.byte	60
 1234 01b8 44        		.byte	68
 1235 01b9 28        		.byte	40
 1236 01ba 10        		.byte	16
 1237 01bb 28        		.byte	40
 1238 01bc 44        		.byte	68
 1239 01bd 0C        		.byte	12
 1240 01be 50        		.byte	80
 1241 01bf 50        		.byte	80
 1242 01c0 50        		.byte	80
 1243 01c1 3C        		.byte	60
 1244 01c2 44        		.byte	68
 1245 01c3 64        		.byte	100
 1246 01c4 54        		.byte	84
 1247 01c5 4C        		.byte	76
 1248 01c6 44        		.byte	68
 1249 01c7 00        		.byte	0
 1250 01c8 08        		.byte	8
 1251 01c9 36        		.byte	54
 1252 01ca 41        		.byte	65
 1253 01cb 00        		.byte	0
 1254 01cc 00        		.byte	0
 1255 01cd 00        		.byte	0
 1256 01ce 7F        		.byte	127
 1257 01cf 00        		.byte	0
 1258 01d0 00        		.byte	0
 1259 01d1 00        		.byte	0
 1260 01d2 41        		.byte	65
 1261 01d3 36        		.byte	54
 1262 01d4 08        		.byte	8
 1263 01d5 00        		.byte	0
 1264 01d6 08        		.byte	8
 1265 01d7 08        		.byte	8
 1266 01d8 2A        		.byte	42
 1267 01d9 1C        		.byte	28
 1268 01da 08        		.byte	8
 1269 01db 08        		.byte	8
 1270 01dc 1C        		.byte	28
 1271 01dd 2A        		.byte	42
 1272 01de 08        		.byte	8
 1273 01df 08        		.byte	8
 1274               		.comm ms,1,1
 1275               		.comm ms10,1,1
 1276               		.comm ms100,1,1
 1277               		.comm sec,1,1
 1278               		.comm min,1,1
 1279               		.comm entprell,1,1
 1280               		.comm state,1,1
 1281               		.comm l,1,1
 1282               		.comm Level,1,1
 1283               		.comm laenge_rect,1,1
 1284               		.comm bale,20,1
 1285               		.comm a,2,1
 1350               	.Letext0:
DEFINED SYMBOLS
                            *ABS*:00000000 main.c
C:\Users\SPRA\AppData\Local\Temp/cc1VUzgy.s:2      *ABS*:0000003f __SREG__
C:\Users\SPRA\AppData\Local\Temp/cc1VUzgy.s:3      *ABS*:0000003e __SP_H__
C:\Users\SPRA\AppData\Local\Temp/cc1VUzgy.s:4      *ABS*:0000003d __SP_L__
C:\Users\SPRA\AppData\Local\Temp/cc1VUzgy.s:5      *ABS*:00000034 __CCP__
C:\Users\SPRA\AppData\Local\Temp/cc1VUzgy.s:6      *ABS*:00000000 __tmp_reg__
C:\Users\SPRA\AppData\Local\Temp/cc1VUzgy.s:7      *ABS*:00000001 __zero_reg__
C:\Users\SPRA\AppData\Local\Temp/cc1VUzgy.s:18     .text:00000000 __vector_11
                            *COM*:00000001 ms10
                            *COM*:00000001 entprell
                            *COM*:00000001 ms100
                            *COM*:00000001 sec
                            *COM*:00000001 min
                            *COM*:00000001 state
C:\Users\SPRA\AppData\Local\Temp/cc1VUzgy.s:91     .text:0000007e level
C:\Users\SPRA\AppData\Local\Temp/cc1VUzgy.s:758    .bss:00000002 score
                            *COM*:00000001 Level
                            *COM*:00000001 l
                            *COM*:00000001 laenge_rect
C:\Users\SPRA\AppData\Local\Temp/cc1VUzgy.s:124    .text:000000ae balli
C:\Users\SPRA\AppData\Local\Temp/cc1VUzgy.s:770    .data:00000003 x2
C:\Users\SPRA\AppData\Local\Temp/cc1VUzgy.s:764    .bss:00000003 x1
C:\Users\SPRA\AppData\Local\Temp/cc1VUzgy.s:783    .data:00000004 y2
C:\Users\SPRA\AppData\Local\Temp/cc1VUzgy.s:777    .bss:00000004 y1
C:\Users\SPRA\AppData\Local\Temp/cc1VUzgy.s:752    .bss:00000001 z
C:\Users\SPRA\AppData\Local\Temp/cc1VUzgy.s:788    .data:00000005 y3
                            *COM*:00000014 bale
                            *COM*:00000002 a
C:\Users\SPRA\AppData\Local\Temp/cc1VUzgy.s:291    .text:000001d6 schlaeger
C:\Users\SPRA\AppData\Local\Temp/cc1VUzgy.s:358    .text:00000204 ausgabe
C:\Users\SPRA\AppData\Local\Temp/cc1VUzgy.s:554    .text:0000038e main
C:\Users\SPRA\AppData\Local\Temp/cc1VUzgy.s:793    .progmem.data:00000000 Font5x7
C:\Users\SPRA\AppData\Local\Temp/cc1VUzgy.s:746    .bss:00000000 b
                            *COM*:00000001 ms

UNDEFINED SYMBOLS
__udivmodqi4
glcd_clear_buffer
glcd_draw_rect
sprintf
glcd_draw_string_xy
glcd_draw_circle
glcd_fill_circle
glcd_write
glcd_init
rand
__divmodhi4
glcd_tiny_set_font
__do_copy_data
__do_clear_bss
